2025-07-26 18:16:22,034 - INFO - === 开始执行微信文章归档工具 ===
2025-07-26 18:16:45,486 - INFO - === 开始执行微信文章归档工具 ===
2025-07-26 18:16:45,488 - INFO - 数据文件: data.json
2025-07-26 18:16:45,488 - INFO - 可执行文件: ./bin/wechatmp2markdown-v1.1.11_linux_amd64
2025-07-26 18:16:45,488 - INFO - 文档目录: doc
2025-07-26 18:16:45,526 - INFO - 已加载 17083 条历史记录
2025-07-26 18:16:45,526 - INFO - === 开始日期区间拉取: 2025-07-22 到 2025-07-26 ===
2025-07-26 18:16:45,530 - INFO - 开始获取Doonsec RSS
2025-07-26 18:16:46,000 - INFO - Doonsec RSS请求成功
2025-07-26 18:16:46,009 - INFO - RSS中共有 200 个条目
2025-07-26 18:16:46,010 - INFO - Doonsec获取到 200 个微信文章URL
2025-07-26 18:16:46,011 - INFO - ChainReactors md文件URL: https://raw.githubusercontent.com/chainreactors/picker/refs/heads/master/archive/daily/2025/2025-07-22.md
2025-07-26 18:16:46,591 - INFO - ChainReactors md文件下载状态码: 200
2025-07-26 18:16:46,594 - INFO - ChainReactors获取到 103 个URL
2025-07-26 18:16:46,594 - INFO - BruceFeIix md文件URL: https://raw.githubusercontent.com/BruceFeIix/picker/refs/heads/master/archive/daily/2025/2025-07-22.md
2025-07-26 18:16:47,246 - INFO - BruceFeIix md文件下载状态码: 200
2025-07-26 18:16:47,248 - INFO - BruceFeIix获取到 102 个URL
2025-07-26 18:16:47,249 - INFO - === 开始处理 2025-07-22 的数据 ===
2025-07-26 18:16:47,249 - INFO - Doonsec原始数据: 200 个
2025-07-26 18:16:47,249 - INFO - ChainReactors原始数据: 103 个
2025-07-26 18:16:47,249 - INFO - BruceFeIix原始数据: 102 个
2025-07-26 18:16:47,249 - INFO - 开始处理Doonsec数据...
2025-07-26 18:16:47,249 - INFO - 开始处理ChainReactors数据...
2025-07-26 18:16:47,250 - INFO - 开始处理BruceFeIix数据...
2025-07-26 18:16:47,250 - INFO - 去重后共 275 个URL待处理，跳过 130 个重复URL
2025-07-26 18:16:47,250 - INFO - 去重后统计 - Doonsec: 200 个, ChainReactors: 75 个, BruceFeIix: 0 个
2025-07-26 18:16:47,250 - INFO - === 开始关键词过滤 ===
2025-07-26 18:16:47,264 - INFO - 关键词过滤: 匹配 25 个，跳过 250 个
2025-07-26 18:16:47,264 - INFO - 关键词过滤后统计 - Doonsec: 4 个, ChainReactors: 21 个, BruceFeIix: 0 个
2025-07-26 18:16:47,265 - INFO - 已创建每日报告: md/2025-07-22.md
2025-07-26 18:16:47,265 - INFO - 开始处理URL: https://mp.weixin.qq.com/s?__biz=MzIxMjEzMDkyMA==&mid=2247488729&idx=1&sn=076815b5fb8ddf81010ab0266848b8a2
2025-07-26 18:16:47,265 - INFO - 目标日期: 2025-07-25
2025-07-26 18:16:47,265 - INFO - 数据源: Doonsec
2025-07-26 18:16:47,265 - INFO - 生成目录结构: doc/2025/2025-07/2025-W30/2025-07-25
2025-07-26 18:19:07,776 - INFO - === 开始执行微信文章归档工具 ===
2025-07-26 18:23:19,138 - INFO - === 开始执行微信文章归档工具 ===
2025-07-26 18:23:21,400 - INFO - === 开始执行微信文章归档工具 ===
2025-07-26 18:23:21,401 - INFO - 数据文件: data.json
2025-07-26 18:23:21,401 - INFO - 可执行文件: ./bin/wechatmp2markdown-v1.1.11_linux_amd64
2025-07-26 18:23:21,401 - INFO - 文档目录: doc
2025-07-26 18:23:21,437 - INFO - 已加载 17083 条历史记录
2025-07-26 18:23:21,438 - INFO - === 开始日期区间拉取: 2025-07-25 到 2025-07-26 ===
2025-07-26 18:23:21,439 - INFO - === 处理第 1/2 天: 2025-07-25 ===
2025-07-26 18:23:21,439 - INFO - 开始获取Doonsec RSS
2025-07-26 18:23:21,440 - INFO - 目标日期: 2025-07-25
2025-07-26 18:23:22,110 - INFO - Doonsec RSS请求成功
2025-07-26 18:23:22,113 - INFO - RSS中共有 200 个条目
2025-07-26 18:23:22,113 - INFO - Doonsec获取到 90 个2025-07-25的微信文章URL
2025-07-26 18:23:22,115 - INFO - ChainReactors md文件URL: https://raw.githubusercontent.com/chainreactors/picker/refs/heads/master/archive/daily/2025/2025-07-25.md
2025-07-26 18:23:23,090 - INFO - ChainReactors md文件下载状态码: 200
2025-07-26 18:23:23,091 - INFO - ChainReactors获取到 196 个URL
2025-07-26 18:23:23,091 - INFO - BruceFeIix md文件URL: https://raw.githubusercontent.com/BruceFeIix/picker/refs/heads/master/archive/daily/2025/2025-07-25.md
2025-07-26 18:23:23,786 - INFO - BruceFeIix md文件下载状态码: 200
2025-07-26 18:23:23,787 - INFO - BruceFeIix获取到 193 个URL
2025-07-26 18:23:23,787 - INFO - === 开始处理 2025-07-25 的数据 ===
2025-07-26 18:23:23,787 - INFO - Doonsec原始数据: 90 个
2025-07-26 18:23:23,787 - INFO - ChainReactors原始数据: 196 个
2025-07-26 18:23:23,787 - INFO - BruceFeIix原始数据: 193 个
2025-07-26 18:23:23,787 - INFO - 开始处理Doonsec数据...
2025-07-26 18:23:23,787 - INFO - 开始处理ChainReactors数据...
2025-07-26 18:23:23,788 - INFO - 开始处理BruceFeIix数据...
2025-07-26 18:23:23,788 - INFO - 去重后共 278 个URL待处理，跳过 201 个重复URL
2025-07-26 18:23:23,788 - INFO - 去重后统计 - Doonsec: 90 个, ChainReactors: 188 个, BruceFeIix: 0 个
2025-07-26 18:23:23,788 - INFO - === 开始关键词过滤 ===
2025-07-26 18:23:23,799 - INFO - 关键词过滤: 匹配 59 个，跳过 219 个
2025-07-26 18:23:23,799 - INFO - 关键词过滤后统计 - Doonsec: 4 个, ChainReactors: 55 个, BruceFeIix: 0 个
2025-07-26 18:23:23,800 - INFO - 已创建每日报告: md/2025-07-25.md
2025-07-26 18:23:23,800 - INFO - 开始处理URL: https://mp.weixin.qq.com/s?__biz=MzIxMjEzMDkyMA==&mid=2247488729&idx=1&sn=076815b5fb8ddf81010ab0266848b8a2
2025-07-26 18:23:23,801 - INFO - 目标日期: 2025-07-25
2025-07-26 18:23:23,801 - INFO - 数据源: Doonsec
2025-07-26 18:23:23,801 - INFO - 生成目录结构: doc/2025/2025-07/2025-W30/2025-07-25
2025-07-26 18:24:33,762 - INFO - === 开始执行微信文章归档工具 ===
2025-07-26 18:24:33,763 - INFO - 数据文件: data.json
2025-07-26 18:24:33,763 - INFO - 可执行文件: ./bin/wechatmp2markdown-v1.1.11_linux_amd64
2025-07-26 18:24:33,763 - INFO - 文档目录: doc
2025-07-26 18:24:33,799 - INFO - 已加载 17083 条历史记录
2025-07-26 18:24:33,799 - INFO - === 开始日期区间拉取: 2025-07-25 到 2025-07-26 ===
2025-07-26 18:24:33,800 - INFO - === 处理第 1/2 天: 2025-07-25 ===
2025-07-26 18:24:33,801 - INFO - 开始获取Doonsec RSS
2025-07-26 18:24:33,801 - INFO - 目标日期: 2025-07-25
2025-07-26 18:24:34,280 - INFO - Doonsec RSS请求成功
2025-07-26 18:24:34,283 - INFO - RSS中共有 200 个条目
2025-07-26 18:24:34,284 - INFO - Doonsec获取到 90 个2025-07-25的微信文章URL
2025-07-26 18:24:34,286 - INFO - ChainReactors md文件URL: https://raw.githubusercontent.com/chainreactors/picker/refs/heads/master/archive/daily/2025/2025-07-25.md
2025-07-26 18:24:34,600 - INFO - ChainReactors md文件下载状态码: 200
2025-07-26 18:24:34,601 - INFO - ChainReactors获取到 196 个URL
2025-07-26 18:24:34,601 - INFO - BruceFeIix md文件URL: https://raw.githubusercontent.com/BruceFeIix/picker/refs/heads/master/archive/daily/2025/2025-07-25.md
2025-07-26 18:24:34,925 - INFO - BruceFeIix md文件下载状态码: 200
2025-07-26 18:24:34,926 - INFO - BruceFeIix获取到 193 个URL
2025-07-26 18:24:34,926 - INFO - === 开始处理 2025-07-25 的数据 ===
2025-07-26 18:24:34,926 - INFO - Doonsec原始数据: 90 个
2025-07-26 18:24:34,926 - INFO - ChainReactors原始数据: 196 个
2025-07-26 18:24:34,926 - INFO - BruceFeIix原始数据: 193 个
2025-07-26 18:24:34,926 - INFO - 开始处理Doonsec数据...
2025-07-26 18:24:34,926 - INFO - 开始处理ChainReactors数据...
2025-07-26 18:24:34,927 - INFO - 开始处理BruceFeIix数据...
2025-07-26 18:24:34,927 - INFO - 去重后共 278 个URL待处理，跳过 201 个重复URL
2025-07-26 18:24:34,927 - INFO - 去重后统计 - Doonsec: 90 个, ChainReactors: 188 个, BruceFeIix: 0 个
2025-07-26 18:24:34,927 - INFO - === 开始关键词过滤 ===
2025-07-26 18:24:34,939 - INFO - 关键词过滤: 匹配 59 个，跳过 219 个
2025-07-26 18:24:34,939 - INFO - 关键词过滤后统计 - Doonsec: 4 个, ChainReactors: 55 个, BruceFeIix: 0 个
2025-07-26 18:24:34,940 - INFO - 已创建每日报告: md/2025-07-25.md
2025-07-26 18:24:34,940 - INFO - 开始处理URL: https://mp.weixin.qq.com/s?__biz=MzIxMjEzMDkyMA==&mid=2247488729&idx=1&sn=076815b5fb8ddf81010ab0266848b8a2
2025-07-26 18:24:34,940 - INFO - 目标日期: 2025-07-25
2025-07-26 18:24:34,940 - INFO - 数据源: Doonsec
2025-07-26 18:24:34,941 - INFO - 生成目录结构: doc/2025/2025-07/2025-W30/2025-07-25
2025-07-26 18:25:03,621 - INFO - === 开始执行微信文章归档工具 ===
2025-07-26 18:25:03,622 - INFO - 数据文件: data.json
2025-07-26 18:25:03,622 - INFO - 可执行文件: ./bin/wechatmp2markdown-v1.1.11_linux_amd64
2025-07-26 18:25:03,622 - INFO - 文档目录: doc
2025-07-26 18:25:03,656 - INFO - 已加载 17083 条历史记录
2025-07-26 18:25:03,656 - INFO - === 开始日期区间拉取: 2025-07-25 到 2025-07-26 ===
2025-07-26 18:25:03,658 - INFO - === 处理第 1/2 天: 2025-07-25 ===
2025-07-26 18:25:03,658 - INFO - 开始获取Doonsec RSS
2025-07-26 18:25:03,658 - INFO - 目标日期: 2025-07-25
2025-07-26 18:25:04,170 - INFO - Doonsec RSS请求成功
2025-07-26 18:25:04,173 - INFO - RSS中共有 200 个条目
2025-07-26 18:25:04,173 - INFO - Doonsec获取到 90 个2025-07-25的微信文章URL
2025-07-26 18:25:04,176 - INFO - ChainReactors md文件URL: https://raw.githubusercontent.com/chainreactors/picker/refs/heads/master/archive/daily/2025/2025-07-25.md
2025-07-26 18:25:04,524 - INFO - ChainReactors md文件下载状态码: 200
2025-07-26 18:25:04,526 - INFO - ChainReactors获取到 196 个URL
2025-07-26 18:25:04,527 - INFO - BruceFeIix md文件URL: https://raw.githubusercontent.com/BruceFeIix/picker/refs/heads/master/archive/daily/2025/2025-07-25.md
2025-07-26 18:25:04,877 - INFO - BruceFeIix md文件下载状态码: 200
2025-07-26 18:25:04,878 - INFO - BruceFeIix获取到 193 个URL
2025-07-26 18:25:04,878 - INFO - === 开始处理 2025-07-25 的数据 ===
2025-07-26 18:25:04,878 - INFO - Doonsec原始数据: 90 个
2025-07-26 18:25:04,878 - INFO - ChainReactors原始数据: 196 个
2025-07-26 18:25:04,878 - INFO - BruceFeIix原始数据: 193 个
2025-07-26 18:25:04,878 - INFO - 开始处理Doonsec数据...
2025-07-26 18:25:04,878 - INFO - 开始处理ChainReactors数据...
2025-07-26 18:25:04,878 - INFO - 开始处理BruceFeIix数据...
2025-07-26 18:25:04,879 - INFO - 去重后共 278 个URL待处理，跳过 201 个重复URL
2025-07-26 18:25:04,879 - INFO - 去重后统计 - Doonsec: 90 个, ChainReactors: 188 个, BruceFeIix: 0 个
2025-07-26 18:25:04,879 - INFO - === 开始关键词过滤 ===
2025-07-26 18:25:04,890 - INFO - 关键词过滤: 匹配 59 个，跳过 219 个
2025-07-26 18:25:04,890 - INFO - 关键词过滤后统计 - Doonsec: 4 个, ChainReactors: 55 个, BruceFeIix: 0 个
2025-07-26 18:25:04,892 - INFO - 已创建每日报告: md/2025-07-25.md
2025-07-26 18:25:04,892 - INFO - 开始处理URL: https://mp.weixin.qq.com/s?__biz=MzIxMjEzMDkyMA==&mid=2247488729&idx=1&sn=076815b5fb8ddf81010ab0266848b8a2
2025-07-26 18:25:04,892 - INFO - 目标日期: 2025-07-25
2025-07-26 18:25:04,892 - INFO - 数据源: Doonsec
2025-07-26 18:25:04,892 - INFO - 生成目录结构: doc/2025/2025-07/2025-W30/2025-07-25
2025-07-26 18:25:04,895 - ERROR - === 第 1/2 天处理失败: [Errno 8] Exec format error: './bin/wechatmp2markdown-v1.1.11_linux_amd64' ===
2025-07-26 18:25:04,895 - ERROR - 跳过 2025-07-25 的处理，继续下一个日期
2025-07-26 18:25:04,895 - INFO - === 处理第 2/2 天: 2025-07-26 ===
2025-07-26 18:25:04,895 - INFO - 开始获取Doonsec RSS
2025-07-26 18:25:04,895 - INFO - 目标日期: 2025-07-26
2025-07-26 18:25:05,515 - INFO - Doonsec RSS请求成功
2025-07-26 18:25:05,518 - INFO - RSS中共有 200 个条目
2025-07-26 18:25:05,519 - INFO - Doonsec获取到 112 个2025-07-26的微信文章URL
2025-07-26 18:25:05,520 - INFO - ChainReactors md文件URL: https://raw.githubusercontent.com/chainreactors/picker/refs/heads/master/archive/daily/2025/2025-07-26.md
2025-07-26 18:25:06,047 - INFO - ChainReactors md文件下载状态码: 200
2025-07-26 18:25:06,048 - INFO - ChainReactors获取到 219 个URL
2025-07-26 18:25:06,048 - INFO - BruceFeIix md文件URL: https://raw.githubusercontent.com/BruceFeIix/picker/refs/heads/master/archive/daily/2025/2025-07-26.md
2025-07-26 18:25:06,575 - INFO - BruceFeIix md文件下载状态码: 200
2025-07-26 18:25:06,577 - INFO - BruceFeIix获取到 215 个URL
2025-07-26 18:25:06,577 - INFO - === 开始处理 2025-07-26 的数据 ===
2025-07-26 18:25:06,577 - INFO - Doonsec原始数据: 112 个
2025-07-26 18:25:06,577 - INFO - ChainReactors原始数据: 219 个
2025-07-26 18:25:06,577 - INFO - BruceFeIix原始数据: 215 个
2025-07-26 18:25:06,577 - INFO - 开始处理Doonsec数据...
2025-07-26 18:25:06,577 - INFO - 开始处理ChainReactors数据...
2025-07-26 18:25:06,578 - INFO - 开始处理BruceFeIix数据...
2025-07-26 18:25:06,578 - INFO - 去重后共 305 个URL待处理，跳过 241 个重复URL
2025-07-26 18:25:06,578 - INFO - 去重后统计 - Doonsec: 112 个, ChainReactors: 193 个, BruceFeIix: 0 个
2025-07-26 18:25:06,578 - INFO - === 开始关键词过滤 ===
2025-07-26 18:25:06,591 - INFO - 关键词过滤: 匹配 47 个，跳过 258 个
2025-07-26 18:25:06,591 - INFO - 关键词过滤后统计 - Doonsec: 1 个, ChainReactors: 46 个, BruceFeIix: 0 个
2025-07-26 18:25:06,592 - INFO - 已创建每日报告: md/2025-07-26.md
2025-07-26 18:25:06,592 - INFO - 开始处理URL: https://mp.weixin.qq.com/s?__biz=MjM5NTc2MDYxMw==&mid=2458597710&idx=2&sn=9ed60b245e5e8b137bc5a454490e8852
2025-07-26 18:25:06,592 - INFO - 目标日期: 2025-07-26
2025-07-26 18:25:06,592 - INFO - 数据源: Doonsec
2025-07-26 18:25:06,592 - INFO - 生成目录结构: doc/2025/2025-07/2025-W30/2025-07-26
2025-07-26 18:25:06,595 - ERROR - === 第 2/2 天处理失败: [Errno 8] Exec format error: './bin/wechatmp2markdown-v1.1.11_linux_amd64' ===
2025-07-26 18:25:06,595 - ERROR - 跳过 2025-07-26 的处理，继续下一个日期
2025-07-26 18:25:06,595 - INFO - === 执行完成 ===
2025-07-26 18:26:40,250 - INFO - === 开始执行微信文章归档工具 ===
2025-07-26 18:26:40,251 - INFO - 数据文件: data.json
2025-07-26 18:26:40,251 - INFO - 可执行文件: ./bin/wechatmp2markdown-v1.1.11_linux_amd64
2025-07-26 18:26:40,251 - INFO - 文档目录: doc
2025-07-26 18:26:40,284 - INFO - 已加载 17083 条历史记录
2025-07-26 18:26:40,284 - INFO - === 开始日期区间拉取: 2025-07-25 到 2025-07-26 ===
2025-07-26 18:26:40,286 - INFO - === 处理第 1/2 天: 2025-07-25 ===
2025-07-26 18:26:40,286 - INFO - 开始获取Doonsec RSS
2025-07-26 18:26:40,286 - INFO - 目标日期: 2025-07-25
2025-07-26 18:26:40,721 - INFO - Doonsec RSS请求成功
2025-07-26 18:26:40,724 - INFO - RSS中共有 200 个条目
2025-07-26 18:26:40,725 - INFO - Doonsec获取到 90 个2025-07-25的微信文章URL
2025-07-26 18:26:40,726 - INFO - ChainReactors md文件URL: https://raw.githubusercontent.com/chainreactors/picker/refs/heads/master/archive/daily/2025/2025-07-25.md
2025-07-26 18:26:41,102 - INFO - ChainReactors md文件下载状态码: 200
2025-07-26 18:26:41,103 - INFO - ChainReactors获取到 196 个URL
2025-07-26 18:26:41,103 - INFO - BruceFeIix md文件URL: https://raw.githubusercontent.com/BruceFeIix/picker/refs/heads/master/archive/daily/2025/2025-07-25.md
2025-07-26 18:26:41,491 - INFO - BruceFeIix md文件下载状态码: 200
2025-07-26 18:26:41,492 - INFO - BruceFeIix获取到 193 个URL
2025-07-26 18:26:41,492 - INFO - === 开始处理 2025-07-25 的数据 ===
2025-07-26 18:26:41,493 - INFO - Doonsec原始数据: 90 个
2025-07-26 18:26:41,493 - INFO - ChainReactors原始数据: 196 个
2025-07-26 18:26:41,493 - INFO - BruceFeIix原始数据: 193 个
2025-07-26 18:26:41,493 - INFO - 开始处理Doonsec数据...
2025-07-26 18:26:41,493 - INFO - 开始处理ChainReactors数据...
2025-07-26 18:26:41,493 - INFO - 开始处理BruceFeIix数据...
2025-07-26 18:26:41,493 - INFO - 去重后共 278 个URL待处理，跳过 201 个重复URL
2025-07-26 18:26:41,493 - INFO - 去重后统计 - Doonsec: 90 个, ChainReactors: 188 个, BruceFeIix: 0 个
2025-07-26 18:26:41,493 - INFO - === 开始关键词过滤 ===
2025-07-26 18:26:41,505 - INFO - 关键词过滤: 匹配 59 个，跳过 219 个
2025-07-26 18:26:41,513 - INFO - 关键词过滤后统计 - Doonsec: 4 个, ChainReactors: 55 个, BruceFeIix: 0 个
2025-07-26 18:26:41,515 - INFO - 已创建每日报告: md/2025-07-25.md
2025-07-26 18:26:41,515 - INFO - 开始处理URL: https://mp.weixin.qq.com/s?__biz=MzIxMjEzMDkyMA==&mid=2247488729&idx=1&sn=076815b5fb8ddf81010ab0266848b8a2
2025-07-26 18:26:41,515 - INFO - 目标日期: 2025-07-25
2025-07-26 18:26:41,515 - INFO - 数据源: Doonsec
2025-07-26 18:26:41,515 - INFO - 生成目录结构: doc/2025/2025-07/2025-W30/2025-07-25
2025-07-26 18:26:41,518 - ERROR - === 第 1/2 天处理失败: [Errno 8] Exec format error: './bin/wechatmp2markdown-v1.1.11_linux_amd64' ===
2025-07-26 18:26:41,518 - ERROR - 跳过 2025-07-25 的处理，继续下一个日期
2025-07-26 18:26:41,519 - INFO - === 处理第 2/2 天: 2025-07-26 ===
2025-07-26 18:26:41,519 - INFO - 开始获取Doonsec RSS
2025-07-26 18:26:41,519 - INFO - 目标日期: 2025-07-26
2025-07-26 18:26:41,871 - INFO - Doonsec RSS请求成功
2025-07-26 18:26:41,875 - INFO - RSS中共有 200 个条目
2025-07-26 18:26:41,875 - INFO - Doonsec获取到 112 个2025-07-26的微信文章URL
2025-07-26 18:26:41,877 - INFO - ChainReactors md文件URL: https://raw.githubusercontent.com/chainreactors/picker/refs/heads/master/archive/daily/2025/2025-07-26.md
2025-07-26 18:26:42,127 - INFO - ChainReactors md文件下载状态码: 200
2025-07-26 18:26:42,129 - INFO - ChainReactors获取到 219 个URL
2025-07-26 18:26:42,129 - INFO - BruceFeIix md文件URL: https://raw.githubusercontent.com/BruceFeIix/picker/refs/heads/master/archive/daily/2025/2025-07-26.md
2025-07-26 18:26:42,370 - INFO - BruceFeIix md文件下载状态码: 200
2025-07-26 18:26:42,371 - INFO - BruceFeIix获取到 215 个URL
2025-07-26 18:26:42,371 - INFO - === 开始处理 2025-07-26 的数据 ===
2025-07-26 18:26:42,371 - INFO - Doonsec原始数据: 112 个
2025-07-26 18:26:42,371 - INFO - ChainReactors原始数据: 219 个
2025-07-26 18:26:42,372 - INFO - BruceFeIix原始数据: 215 个
2025-07-26 18:26:42,372 - INFO - 开始处理Doonsec数据...
2025-07-26 18:26:42,372 - INFO - 开始处理ChainReactors数据...
2025-07-26 18:26:42,372 - INFO - 开始处理BruceFeIix数据...
2025-07-26 18:26:42,372 - INFO - 去重后共 305 个URL待处理，跳过 241 个重复URL
2025-07-26 18:26:42,372 - INFO - 去重后统计 - Doonsec: 112 个, ChainReactors: 193 个, BruceFeIix: 0 个
2025-07-26 18:26:42,372 - INFO - === 开始关键词过滤 ===
2025-07-26 18:26:42,385 - INFO - 关键词过滤: 匹配 47 个，跳过 258 个
2025-07-26 18:26:42,385 - INFO - 关键词过滤后统计 - Doonsec: 1 个, ChainReactors: 46 个, BruceFeIix: 0 个
2025-07-26 18:26:42,386 - INFO - 已创建每日报告: md/2025-07-26.md
2025-07-26 18:26:42,386 - INFO - 开始处理URL: https://mp.weixin.qq.com/s?__biz=MjM5NTc2MDYxMw==&mid=2458597710&idx=2&sn=9ed60b245e5e8b137bc5a454490e8852
2025-07-26 18:26:42,387 - INFO - 目标日期: 2025-07-26
2025-07-26 18:26:42,387 - INFO - 数据源: Doonsec
2025-07-26 18:26:42,387 - INFO - 生成目录结构: doc/2025/2025-07/2025-W30/2025-07-26
2025-07-26 18:26:42,389 - ERROR - === 第 2/2 天处理失败: [Errno 8] Exec format error: './bin/wechatmp2markdown-v1.1.11_linux_amd64' ===
2025-07-26 18:26:42,390 - ERROR - 跳过 2025-07-26 的处理，继续下一个日期
2025-07-26 18:26:42,390 - INFO - === 执行完成 ===
2025-07-26 18:26:45,946 - INFO - === 开始执行微信文章归档工具 ===
2025-07-26 18:26:45,947 - INFO - 数据文件: data.json
2025-07-26 18:26:45,947 - INFO - 可执行文件: ./bin/wechatmp2markdown-v1.1.11_linux_amd64
2025-07-26 18:26:45,947 - INFO - 文档目录: doc
2025-07-26 18:26:45,981 - INFO - 已加载 17083 条历史记录
2025-07-26 18:26:45,981 - INFO - === 开始日期区间拉取: 2025-07-25 到 2025-07-26 ===
2025-07-26 18:26:45,982 - INFO - === 处理第 1/2 天: 2025-07-25 ===
2025-07-26 18:26:45,983 - INFO - 开始获取Doonsec RSS
2025-07-26 18:26:45,983 - INFO - 目标日期: 2025-07-25
2025-07-26 18:26:46,363 - INFO - Doonsec RSS请求成功
2025-07-26 18:26:46,367 - INFO - RSS中共有 200 个条目
2025-07-26 18:26:46,367 - INFO - Doonsec获取到 88 个2025-07-25的微信文章URL
2025-07-26 18:26:46,369 - INFO - ChainReactors md文件URL: https://raw.githubusercontent.com/chainreactors/picker/refs/heads/master/archive/daily/2025/2025-07-25.md
2025-07-26 18:26:46,630 - INFO - ChainReactors md文件下载状态码: 200
2025-07-26 18:26:46,632 - INFO - ChainReactors获取到 196 个URL
2025-07-26 18:26:46,632 - INFO - BruceFeIix md文件URL: https://raw.githubusercontent.com/BruceFeIix/picker/refs/heads/master/archive/daily/2025/2025-07-25.md
2025-07-26 18:26:46,922 - INFO - BruceFeIix md文件下载状态码: 200
2025-07-26 18:26:46,924 - INFO - BruceFeIix获取到 193 个URL
2025-07-26 18:26:46,924 - INFO - === 开始处理 2025-07-25 的数据 ===
2025-07-26 18:26:46,924 - INFO - Doonsec原始数据: 88 个
2025-07-26 18:26:46,924 - INFO - ChainReactors原始数据: 196 个
2025-07-26 18:26:46,924 - INFO - BruceFeIix原始数据: 193 个
2025-07-26 18:26:46,924 - INFO - 开始处理Doonsec数据...
2025-07-26 18:26:46,924 - INFO - 开始处理ChainReactors数据...
2025-07-26 18:26:46,924 - INFO - 开始处理BruceFeIix数据...
2025-07-26 18:26:46,924 - INFO - 去重后共 276 个URL待处理，跳过 201 个重复URL
2025-07-26 18:26:46,924 - INFO - 去重后统计 - Doonsec: 88 个, ChainReactors: 188 个, BruceFeIix: 0 个
2025-07-26 18:26:46,925 - INFO - === 开始关键词过滤 ===
2025-07-26 18:26:46,936 - INFO - 关键词过滤: 匹配 59 个，跳过 217 个
2025-07-26 18:26:46,936 - INFO - 关键词过滤后统计 - Doonsec: 4 个, ChainReactors: 55 个, BruceFeIix: 0 个
2025-07-26 18:26:46,937 - INFO - 已创建每日报告: md/2025-07-25.md
2025-07-26 18:26:46,937 - INFO - 开始处理URL: https://mp.weixin.qq.com/s?__biz=MzIxMjEzMDkyMA==&mid=2247488729&idx=1&sn=076815b5fb8ddf81010ab0266848b8a2
2025-07-26 18:26:46,937 - INFO - 目标日期: 2025-07-25
2025-07-26 18:26:46,937 - INFO - 数据源: Doonsec
2025-07-26 18:26:46,937 - INFO - 生成目录结构: doc/2025/2025-07/2025-W30/2025-07-25
2025-07-26 18:26:46,941 - ERROR - === 第 1/2 天处理失败: [Errno 8] Exec format error: './bin/wechatmp2markdown-v1.1.11_linux_amd64' ===
2025-07-26 18:26:46,941 - ERROR - 跳过 2025-07-25 的处理，继续下一个日期
2025-07-26 18:26:46,941 - INFO - === 处理第 2/2 天: 2025-07-26 ===
2025-07-26 18:26:46,941 - INFO - 开始获取Doonsec RSS
2025-07-26 18:26:46,941 - INFO - 目标日期: 2025-07-26
2025-07-26 18:26:47,340 - INFO - Doonsec RSS请求成功
2025-07-26 18:26:47,343 - INFO - RSS中共有 200 个条目
2025-07-26 18:26:47,343 - INFO - Doonsec获取到 112 个2025-07-26的微信文章URL
2025-07-26 18:26:47,345 - INFO - ChainReactors md文件URL: https://raw.githubusercontent.com/chainreactors/picker/refs/heads/master/archive/daily/2025/2025-07-26.md
2025-07-26 18:26:47,598 - INFO - ChainReactors md文件下载状态码: 200
2025-07-26 18:26:47,599 - INFO - ChainReactors获取到 219 个URL
2025-07-26 18:26:47,599 - INFO - BruceFeIix md文件URL: https://raw.githubusercontent.com/BruceFeIix/picker/refs/heads/master/archive/daily/2025/2025-07-26.md
2025-07-26 18:26:47,846 - INFO - BruceFeIix md文件下载状态码: 200
2025-07-26 18:26:47,847 - INFO - BruceFeIix获取到 215 个URL
2025-07-26 18:26:47,847 - INFO - === 开始处理 2025-07-26 的数据 ===
2025-07-26 18:26:47,847 - INFO - Doonsec原始数据: 112 个
2025-07-26 18:26:47,847 - INFO - ChainReactors原始数据: 219 个
2025-07-26 18:26:47,847 - INFO - BruceFeIix原始数据: 215 个
2025-07-26 18:26:47,847 - INFO - 开始处理Doonsec数据...
2025-07-26 18:26:47,847 - INFO - 开始处理ChainReactors数据...
2025-07-26 18:26:47,847 - INFO - 开始处理BruceFeIix数据...
2025-07-26 18:26:47,848 - INFO - 去重后共 305 个URL待处理，跳过 241 个重复URL
2025-07-26 18:26:47,848 - INFO - 去重后统计 - Doonsec: 112 个, ChainReactors: 193 个, BruceFeIix: 0 个
2025-07-26 18:26:47,848 - INFO - === 开始关键词过滤 ===
2025-07-26 18:26:47,861 - INFO - 关键词过滤: 匹配 47 个，跳过 258 个
2025-07-26 18:26:47,861 - INFO - 关键词过滤后统计 - Doonsec: 1 个, ChainReactors: 46 个, BruceFeIix: 0 个
2025-07-26 18:26:47,862 - INFO - 已创建每日报告: md/2025-07-26.md
2025-07-26 18:26:47,862 - INFO - 开始处理URL: https://mp.weixin.qq.com/s?__biz=MjM5NTc2MDYxMw==&mid=2458597710&idx=2&sn=9ed60b245e5e8b137bc5a454490e8852
2025-07-26 18:26:47,862 - INFO - 目标日期: 2025-07-26
2025-07-26 18:26:47,862 - INFO - 数据源: Doonsec
2025-07-26 18:26:47,862 - INFO - 生成目录结构: doc/2025/2025-07/2025-W30/2025-07-26
2025-07-26 18:26:47,865 - ERROR - === 第 2/2 天处理失败: [Errno 8] Exec format error: './bin/wechatmp2markdown-v1.1.11_linux_amd64' ===
2025-07-26 18:26:47,865 - ERROR - 跳过 2025-07-26 的处理，继续下一个日期
2025-07-26 18:26:47,865 - INFO - === 执行完成 ===
2025-07-26 18:27:56,324 - INFO - === 开始执行微信文章归档工具 ===
2025-07-26 18:27:56,325 - INFO - 数据文件: data.json
2025-07-26 18:27:56,325 - INFO - 可执行文件: ./bin/wechatmp2markdown-v1.1.11_linux_amd64
2025-07-26 18:27:56,325 - INFO - 文档目录: doc
2025-07-26 18:27:56,352 - INFO - 已加载 17083 条历史记录
2025-07-26 18:27:56,353 - INFO - === 开始日期区间拉取: 2025-07-22 到 2025-07-26 ===
2025-07-26 18:27:56,354 - INFO - === 处理第 1/5 天: 2025-07-22 ===
2025-07-26 18:27:56,354 - INFO - 开始获取Doonsec RSS
2025-07-26 18:27:56,354 - INFO - 目标日期: 2025-07-22
2025-07-26 18:27:56,761 - INFO - Doonsec RSS请求成功
2025-07-26 18:27:56,764 - INFO - RSS中共有 200 个条目
2025-07-26 18:27:56,764 - INFO - Doonsec获取到 0 个2025-07-22的微信文章URL
2025-07-26 18:27:56,765 - INFO - ChainReactors md文件URL: https://raw.githubusercontent.com/chainreactors/picker/refs/heads/master/archive/daily/2025/2025-07-22.md
2025-07-26 18:27:57,486 - INFO - ChainReactors md文件下载状态码: 200
2025-07-26 18:27:57,488 - INFO - ChainReactors获取到 103 个URL
2025-07-26 18:27:57,488 - INFO - BruceFeIix md文件URL: https://raw.githubusercontent.com/BruceFeIix/picker/refs/heads/master/archive/daily/2025/2025-07-22.md
2025-07-26 18:27:58,108 - INFO - BruceFeIix md文件下载状态码: 200
2025-07-26 18:27:58,109 - INFO - BruceFeIix获取到 102 个URL
2025-07-26 18:27:58,110 - INFO - === 开始处理 2025-07-22 的数据 ===
2025-07-26 18:27:58,110 - INFO - Doonsec原始数据: 0 个
2025-07-26 18:27:58,110 - INFO - ChainReactors原始数据: 103 个
2025-07-26 18:27:58,110 - INFO - BruceFeIix原始数据: 102 个
2025-07-26 18:27:58,110 - INFO - 开始处理Doonsec数据...
2025-07-26 18:27:58,110 - INFO - 开始处理ChainReactors数据...
2025-07-26 18:27:58,110 - INFO - 开始处理BruceFeIix数据...
2025-07-26 18:27:58,110 - INFO - 去重后共 75 个URL待处理，跳过 130 个重复URL
2025-07-26 18:27:58,110 - INFO - 去重后统计 - Doonsec: 0 个, ChainReactors: 75 个, BruceFeIix: 0 个
2025-07-26 18:27:58,110 - INFO - === 开始关键词过滤 ===
2025-07-26 18:27:58,114 - INFO - 关键词过滤: 匹配 21 个，跳过 54 个
2025-07-26 18:27:58,114 - INFO - 关键词过滤后统计 - Doonsec: 0 个, ChainReactors: 21 个, BruceFeIix: 0 个
2025-07-26 18:27:58,115 - INFO - 已创建每日报告: md/2025-07-22.md
2025-07-26 18:27:58,115 - INFO - 开始处理URL: https://mp.weixin.qq.com/s?__biz=MzI3NzM5NDA0NA==&mid=2247491720&idx=1&sn=3858300026cf1ba7c1a5b209208ed675
2025-07-26 18:27:58,115 - INFO - 目标日期: 2025-07-22
2025-07-26 18:27:58,115 - INFO - 数据源: ChainReactors
2025-07-26 18:27:58,115 - INFO - 生成目录结构: doc/2025/2025-07/2025-W30/2025-07-22
2025-07-26 18:27:58,119 - ERROR - === 第 1/5 天处理失败: [Errno 8] Exec format error: './bin/wechatmp2markdown-v1.1.11_linux_amd64' ===
2025-07-26 18:27:58,119 - ERROR - 跳过 2025-07-22 的处理，继续下一个日期
2025-07-26 18:27:58,120 - INFO - === 处理第 2/5 天: 2025-07-23 ===
2025-07-26 18:27:58,120 - INFO - 开始获取Doonsec RSS
2025-07-26 18:27:58,120 - INFO - 目标日期: 2025-07-23
2025-07-26 18:27:58,503 - INFO - Doonsec RSS请求成功
2025-07-26 18:27:58,506 - INFO - RSS中共有 200 个条目
2025-07-26 18:27:58,506 - INFO - Doonsec获取到 0 个2025-07-23的微信文章URL
2025-07-26 18:27:58,507 - INFO - ChainReactors md文件URL: https://raw.githubusercontent.com/chainreactors/picker/refs/heads/master/archive/daily/2025/2025-07-23.md
2025-07-26 18:27:59,228 - INFO - ChainReactors md文件下载状态码: 200
2025-07-26 18:27:59,230 - INFO - ChainReactors获取到 109 个URL
2025-07-26 18:27:59,230 - INFO - BruceFeIix md文件URL: https://raw.githubusercontent.com/BruceFeIix/picker/refs/heads/master/archive/daily/2025/2025-07-23.md
2025-07-26 18:27:59,821 - INFO - BruceFeIix md文件下载状态码: 200
2025-07-26 18:27:59,822 - INFO - BruceFeIix获取到 106 个URL
2025-07-26 18:27:59,822 - INFO - === 开始处理 2025-07-23 的数据 ===
2025-07-26 18:27:59,822 - INFO - Doonsec原始数据: 0 个
2025-07-26 18:27:59,822 - INFO - ChainReactors原始数据: 109 个
2025-07-26 18:27:59,822 - INFO - BruceFeIix原始数据: 106 个
2025-07-26 18:27:59,822 - INFO - 开始处理Doonsec数据...
2025-07-26 18:27:59,822 - INFO - 开始处理ChainReactors数据...
2025-07-26 18:27:59,823 - INFO - 开始处理BruceFeIix数据...
2025-07-26 18:27:59,823 - INFO - 去重后共 95 个URL待处理，跳过 120 个重复URL
2025-07-26 18:27:59,823 - INFO - 去重后统计 - Doonsec: 0 个, ChainReactors: 95 个, BruceFeIix: 0 个
2025-07-26 18:27:59,823 - INFO - === 开始关键词过滤 ===
2025-07-26 18:27:59,827 - INFO - 关键词过滤: 匹配 33 个，跳过 62 个
2025-07-26 18:27:59,827 - INFO - 关键词过滤后统计 - Doonsec: 0 个, ChainReactors: 33 个, BruceFeIix: 0 个
2025-07-26 18:27:59,828 - INFO - 已创建每日报告: md/2025-07-23.md
2025-07-26 18:27:59,828 - INFO - 开始处理URL: https://mp.weixin.qq.com/s?__biz=Mzk0MTIzNTgzMQ==&mid=2247522088&idx=1&sn=8f1bf0c4bc674820cb968ff6028063a0
2025-07-26 18:27:59,828 - INFO - 目标日期: 2025-07-23
2025-07-26 18:27:59,828 - INFO - 数据源: ChainReactors
2025-07-26 18:27:59,828 - INFO - 生成目录结构: doc/2025/2025-07/2025-W30/2025-07-23
2025-07-26 18:27:59,831 - ERROR - === 第 2/5 天处理失败: [Errno 8] Exec format error: './bin/wechatmp2markdown-v1.1.11_linux_amd64' ===
2025-07-26 18:27:59,831 - ERROR - 跳过 2025-07-23 的处理，继续下一个日期
2025-07-26 18:27:59,831 - INFO - === 处理第 3/5 天: 2025-07-24 ===
2025-07-26 18:27:59,831 - INFO - 开始获取Doonsec RSS
2025-07-26 18:27:59,832 - INFO - 目标日期: 2025-07-24
2025-07-26 18:28:00,204 - INFO - Doonsec RSS请求成功
2025-07-26 18:28:00,207 - INFO - RSS中共有 200 个条目
2025-07-26 18:28:00,208 - INFO - Doonsec获取到 0 个2025-07-24的微信文章URL
2025-07-26 18:28:00,209 - INFO - ChainReactors md文件URL: https://raw.githubusercontent.com/chainreactors/picker/refs/heads/master/archive/daily/2025/2025-07-24.md
2025-07-26 18:28:00,884 - INFO - ChainReactors md文件下载状态码: 200
2025-07-26 18:28:00,886 - INFO - ChainReactors获取到 233 个URL
2025-07-26 18:28:00,886 - INFO - BruceFeIix md文件URL: https://raw.githubusercontent.com/BruceFeIix/picker/refs/heads/master/archive/daily/2025/2025-07-24.md
2025-07-26 18:28:01,568 - INFO - BruceFeIix md文件下载状态码: 200
2025-07-26 18:28:01,570 - INFO - BruceFeIix获取到 231 个URL
2025-07-26 18:28:01,570 - INFO - === 开始处理 2025-07-24 的数据 ===
2025-07-26 18:28:01,570 - INFO - Doonsec原始数据: 0 个
2025-07-26 18:28:01,570 - INFO - ChainReactors原始数据: 233 个
2025-07-26 18:28:01,570 - INFO - BruceFeIix原始数据: 231 个
2025-07-26 18:28:01,570 - INFO - 开始处理Doonsec数据...
2025-07-26 18:28:01,570 - INFO - 开始处理ChainReactors数据...
2025-07-26 18:28:01,570 - INFO - 开始处理BruceFeIix数据...
2025-07-26 18:28:01,571 - INFO - 去重后共 206 个URL待处理，跳过 258 个重复URL
2025-07-26 18:28:01,571 - INFO - 去重后统计 - Doonsec: 0 个, ChainReactors: 206 个, BruceFeIix: 0 个
2025-07-26 18:28:01,571 - INFO - === 开始关键词过滤 ===
2025-07-26 18:28:01,580 - INFO - 关键词过滤: 匹配 59 个，跳过 147 个
2025-07-26 18:28:01,580 - INFO - 关键词过滤后统计 - Doonsec: 0 个, ChainReactors: 59 个, BruceFeIix: 0 个
2025-07-26 18:28:01,581 - INFO - 已创建每日报告: md/2025-07-24.md
2025-07-26 18:28:01,581 - INFO - 开始处理URL: https://mp.weixin.qq.com/s?__biz=MzkzNjQwOTc4MQ==&mid=2247490568&idx=1&sn=35923a080a740d874c24091c7a1a22ea
2025-07-26 18:28:01,581 - INFO - 目标日期: 2025-07-24
2025-07-26 18:28:01,581 - INFO - 数据源: ChainReactors
2025-07-26 18:28:01,581 - INFO - 生成目录结构: doc/2025/2025-07/2025-W30/2025-07-24
2025-07-26 18:28:01,584 - ERROR - === 第 3/5 天处理失败: [Errno 8] Exec format error: './bin/wechatmp2markdown-v1.1.11_linux_amd64' ===
2025-07-26 18:28:01,584 - ERROR - 跳过 2025-07-24 的处理，继续下一个日期
2025-07-26 18:28:01,584 - INFO - === 处理第 4/5 天: 2025-07-25 ===
2025-07-26 18:28:01,584 - INFO - 开始获取Doonsec RSS
2025-07-26 18:28:01,584 - INFO - 目标日期: 2025-07-25
2025-07-26 18:28:02,063 - INFO - Doonsec RSS请求成功
2025-07-26 18:28:02,066 - INFO - RSS中共有 200 个条目
2025-07-26 18:28:02,066 - INFO - Doonsec获取到 88 个2025-07-25的微信文章URL
2025-07-26 18:28:02,067 - INFO - ChainReactors md文件URL: https://raw.githubusercontent.com/chainreactors/picker/refs/heads/master/archive/daily/2025/2025-07-25.md
2025-07-26 18:28:02,404 - INFO - ChainReactors md文件下载状态码: 200
2025-07-26 18:28:02,406 - INFO - ChainReactors获取到 196 个URL
2025-07-26 18:28:02,406 - INFO - BruceFeIix md文件URL: https://raw.githubusercontent.com/BruceFeIix/picker/refs/heads/master/archive/daily/2025/2025-07-25.md
2025-07-26 18:28:02,729 - INFO - BruceFeIix md文件下载状态码: 200
2025-07-26 18:28:02,731 - INFO - BruceFeIix获取到 193 个URL
2025-07-26 18:28:02,731 - INFO - === 开始处理 2025-07-25 的数据 ===
2025-07-26 18:28:02,731 - INFO - Doonsec原始数据: 88 个
2025-07-26 18:28:02,731 - INFO - ChainReactors原始数据: 196 个
2025-07-26 18:28:02,731 - INFO - BruceFeIix原始数据: 193 个
2025-07-26 18:28:02,731 - INFO - 开始处理Doonsec数据...
2025-07-26 18:28:02,732 - INFO - 开始处理ChainReactors数据...
2025-07-26 18:28:02,732 - INFO - 开始处理BruceFeIix数据...
2025-07-26 18:28:02,732 - INFO - 去重后共 276 个URL待处理，跳过 201 个重复URL
2025-07-26 18:28:02,732 - INFO - 去重后统计 - Doonsec: 88 个, ChainReactors: 188 个, BruceFeIix: 0 个
2025-07-26 18:28:02,732 - INFO - === 开始关键词过滤 ===
2025-07-26 18:28:02,746 - INFO - 关键词过滤: 匹配 59 个，跳过 217 个
2025-07-26 18:28:02,747 - INFO - 关键词过滤后统计 - Doonsec: 4 个, ChainReactors: 55 个, BruceFeIix: 0 个
2025-07-26 18:28:02,748 - INFO - 已创建每日报告: md/2025-07-25.md
2025-07-26 18:28:02,748 - INFO - 开始处理URL: https://mp.weixin.qq.com/s?__biz=MzIxMjEzMDkyMA==&mid=2247488729&idx=1&sn=076815b5fb8ddf81010ab0266848b8a2
2025-07-26 18:28:02,748 - INFO - 目标日期: 2025-07-25
2025-07-26 18:28:02,748 - INFO - 数据源: Doonsec
2025-07-26 18:28:02,749 - INFO - 生成目录结构: doc/2025/2025-07/2025-W30/2025-07-25
2025-07-26 18:28:02,752 - ERROR - === 第 4/5 天处理失败: [Errno 8] Exec format error: './bin/wechatmp2markdown-v1.1.11_linux_amd64' ===
2025-07-26 18:28:02,752 - ERROR - 跳过 2025-07-25 的处理，继续下一个日期
2025-07-26 18:28:02,752 - INFO - === 处理第 5/5 天: 2025-07-26 ===
2025-07-26 18:28:02,752 - INFO - 开始获取Doonsec RSS
2025-07-26 18:28:02,752 - INFO - 目标日期: 2025-07-26
2025-07-26 18:28:03,149 - INFO - Doonsec RSS请求成功
2025-07-26 18:28:03,152 - INFO - RSS中共有 200 个条目
2025-07-26 18:28:03,152 - INFO - Doonsec获取到 110 个2025-07-26的微信文章URL
2025-07-26 18:28:03,153 - INFO - ChainReactors md文件URL: https://raw.githubusercontent.com/chainreactors/picker/refs/heads/master/archive/daily/2025/2025-07-26.md
2025-07-26 18:28:03,483 - INFO - ChainReactors md文件下载状态码: 200
2025-07-26 18:28:03,485 - INFO - ChainReactors获取到 219 个URL
2025-07-26 18:28:03,485 - INFO - BruceFeIix md文件URL: https://raw.githubusercontent.com/BruceFeIix/picker/refs/heads/master/archive/daily/2025/2025-07-26.md
2025-07-26 18:28:03,811 - INFO - BruceFeIix md文件下载状态码: 200
2025-07-26 18:28:03,813 - INFO - BruceFeIix获取到 215 个URL
2025-07-26 18:28:03,813 - INFO - === 开始处理 2025-07-26 的数据 ===
2025-07-26 18:28:03,813 - INFO - Doonsec原始数据: 110 个
2025-07-26 18:28:03,813 - INFO - ChainReactors原始数据: 219 个
2025-07-26 18:28:03,814 - INFO - BruceFeIix原始数据: 215 个
2025-07-26 18:28:03,814 - INFO - 开始处理Doonsec数据...
2025-07-26 18:28:03,814 - INFO - 开始处理ChainReactors数据...
2025-07-26 18:28:03,814 - INFO - 开始处理BruceFeIix数据...
2025-07-26 18:28:03,814 - INFO - 去重后共 303 个URL待处理，跳过 241 个重复URL
2025-07-26 18:28:03,814 - INFO - 去重后统计 - Doonsec: 110 个, ChainReactors: 193 个, BruceFeIix: 0 个
2025-07-26 18:28:03,814 - INFO - === 开始关键词过滤 ===
2025-07-26 18:28:03,828 - INFO - 关键词过滤: 匹配 46 个，跳过 257 个
2025-07-26 18:28:03,828 - INFO - 关键词过滤后统计 - Doonsec: 0 个, ChainReactors: 46 个, BruceFeIix: 0 个
2025-07-26 18:28:03,829 - INFO - 已创建每日报告: md/2025-07-26.md
2025-07-26 18:28:03,829 - INFO - 开始处理URL: https://mp.weixin.qq.com/s?__biz=MzIxMjEzMDkyMA==&mid=2247488729&idx=1&sn=076815b5fb8ddf81010ab0266848b8a2
2025-07-26 18:28:03,829 - INFO - 目标日期: 2025-07-26
2025-07-26 18:28:03,829 - INFO - 数据源: ChainReactors
2025-07-26 18:28:03,829 - INFO - 生成目录结构: doc/2025/2025-07/2025-W30/2025-07-26
2025-07-26 18:28:03,832 - ERROR - === 第 5/5 天处理失败: [Errno 8] Exec format error: './bin/wechatmp2markdown-v1.1.11_linux_amd64' ===
2025-07-26 18:28:03,832 - ERROR - 跳过 2025-07-26 的处理，继续下一个日期
2025-07-26 18:28:03,832 - INFO - === 执行完成 ===
2025-07-26 10:30:28,070 - INFO - === 开始执行微信文章归档工具 ===
2025-07-26 10:30:28,071 - INFO - 数据文件: data.json
2025-07-26 10:30:28,071 - INFO - 可执行文件: ./bin/wechatmp2markdown-v1.1.11_linux_amd64
2025-07-26 10:30:28,071 - INFO - 文档目录: doc
2025-07-26 10:30:28,114 - INFO - 已加载 17083 条历史记录
2025-07-26 10:30:28,114 - INFO - === 开始今日拉取 ===
2025-07-26 10:30:28,114 - INFO - 开始获取Doonsec RSS
2025-07-26 10:30:28,114 - INFO - 目标日期: 2025-07-26
2025-07-26 10:30:33,992 - INFO - Doonsec RSS请求成功
2025-07-26 10:30:33,994 - INFO - RSS中共有 200 个条目
2025-07-26 10:30:33,995 - INFO - Doonsec获取到 114 个2025-07-26的微信文章URL
2025-07-26 10:30:33,995 - INFO - ChainReactors md文件URL: https://raw.githubusercontent.com/chainreactors/picker/refs/heads/master/archive/daily/2025/2025-07-26.md
2025-07-26 10:30:34,104 - INFO - ChainReactors md文件下载状态码: 200
2025-07-26 10:30:34,105 - INFO - ChainReactors获取到 219 个URL
2025-07-26 10:30:34,105 - INFO - BruceFeIix md文件URL: https://raw.githubusercontent.com/BruceFeIix/picker/refs/heads/master/archive/daily/2025/2025-07-26.md
2025-07-26 10:30:34,190 - INFO - BruceFeIix md文件下载状态码: 200
2025-07-26 10:30:34,191 - INFO - BruceFeIix获取到 215 个URL
2025-07-26 10:30:34,191 - INFO - === 开始处理 2025-07-26 的数据 ===
2025-07-26 10:30:34,191 - INFO - Doonsec原始数据: 114 个
2025-07-26 10:30:34,191 - INFO - ChainReactors原始数据: 219 个
2025-07-26 10:30:34,192 - INFO - BruceFeIix原始数据: 215 个
2025-07-26 10:30:34,192 - INFO - 开始处理Doonsec数据...
2025-07-26 10:30:34,192 - INFO - 开始处理ChainReactors数据...
2025-07-26 10:30:34,192 - INFO - 开始处理BruceFeIix数据...
2025-07-26 10:30:34,193 - INFO - 去重后共 307 个URL待处理，跳过 241 个重复URL
2025-07-26 10:30:34,193 - INFO - 去重后统计 - Doonsec: 114 个, ChainReactors: 193 个, BruceFeIix: 0 个
2025-07-26 10:30:34,193 - INFO - === 开始关键词过滤 ===
2025-07-26 10:30:34,202 - INFO - 关键词过滤: 匹配 77 个，跳过 230 个
2025-07-26 10:30:34,202 - INFO - 关键词过滤后统计 - Doonsec: 31 个, ChainReactors: 46 个, BruceFeIix: 0 个
2025-07-26 10:30:34,219 - INFO - 已创建每日报告: md/2025-07-26.md
2025-07-26 10:30:34,219 - INFO - 开始处理URL: https://mp.weixin.qq.com/s?__biz=MjM5NjA0NjgyMA==&mid=2651325489&idx=3&sn=c3f17f0e3853c405d2c2968ba3480b48
2025-07-26 10:30:34,219 - INFO - 目标日期: 2025-07-26
2025-07-26 10:30:34,219 - INFO - 数据源: Doonsec
2025-07-26 10:30:34,219 - INFO - 生成目录结构: doc/2025/2025-07/2025-W30/2025-07-26
2025-07-26 10:30:35,287 - INFO - 处理文件: .md
2025-07-26 10:30:35,287 - WARNING - 跳过空文件: .md
2025-07-26 10:30:35,287 - INFO - 完成处理URL: https://mp.weixin.qq.com/s?__biz=MjM5NjA0NjgyMA==&mid=2651325489&idx=3&sn=c3f17f0e3853c405d2c2968ba3480b48
2025-07-26 10:30:35,287 - INFO - 开始处理URL: https://mp.weixin.qq.com/s?__biz=MzkzNjIzMjM5Ng==&mid=2247492860&idx=1&sn=427ccd0b8541d0c80fbb6d3c2c84e5aa
2025-07-26 10:30:35,287 - INFO - 目标日期: 2025-07-26
2025-07-26 10:30:35,287 - INFO - 数据源: Doonsec
2025-07-26 10:30:35,288 - INFO - 生成目录结构: doc/2025/2025-07/2025-W30/2025-07-26
2025-07-26 10:30:36,390 - INFO - 处理文件: .md
2025-07-26 10:30:36,390 - WARNING - 跳过空文件: .md
2025-07-26 10:30:36,390 - INFO - 完成处理URL: https://mp.weixin.qq.com/s?__biz=MzkzNjIzMjM5Ng==&mid=2247492860&idx=1&sn=427ccd0b8541d0c80fbb6d3c2c84e5aa
2025-07-26 10:30:36,390 - INFO - 开始处理URL: https://mp.weixin.qq.com/s?__biz=MzU1NDY3NDgwMQ==&mid=2247554406&idx=1&sn=fbbae9bdb276c2a5231f82842679ee12
2025-07-26 10:30:36,390 - INFO - 目标日期: 2025-07-26
2025-07-26 10:30:36,391 - INFO - 数据源: Doonsec
2025-07-26 10:30:36,391 - INFO - 生成目录结构: doc/2025/2025-07/2025-W30/2025-07-26
2025-07-26 10:30:37,434 - INFO - 处理文件: .md
2025-07-26 10:30:37,434 - WARNING - 跳过空文件: .md
2025-07-26 10:30:37,434 - INFO - 完成处理URL: https://mp.weixin.qq.com/s?__biz=MzU1NDY3NDgwMQ==&mid=2247554406&idx=1&sn=fbbae9bdb276c2a5231f82842679ee12
2025-07-26 10:30:37,434 - INFO - 开始处理URL: https://mp.weixin.qq.com/s?__biz=MjM5NTc2MDYxMw==&mid=2458597710&idx=2&sn=9ed60b245e5e8b137bc5a454490e8852
2025-07-26 10:30:37,434 - INFO - 目标日期: 2025-07-26
2025-07-26 10:30:37,434 - INFO - 数据源: Doonsec
2025-07-26 10:30:37,434 - INFO - 生成目录结构: doc/2025/2025-07/2025-W30/2025-07-26
2025-07-26 10:30:38,487 - INFO - 处理文件: .md
2025-07-26 10:30:38,487 - WARNING - 跳过空文件: .md
2025-07-26 10:30:38,487 - INFO - 完成处理URL: https://mp.weixin.qq.com/s?__biz=MjM5NTc2MDYxMw==&mid=2458597710&idx=2&sn=9ed60b245e5e8b137bc5a454490e8852
2025-07-26 10:30:38,487 - INFO - 开始处理URL: https://mp.weixin.qq.com/s?__biz=MzUyODkwNDIyMg==&mid=2247551095&idx=1&sn=de05181ef42ba6fcf3d26e94d140da36
2025-07-26 10:30:38,487 - INFO - 目标日期: 2025-07-26
2025-07-26 10:30:38,487 - INFO - 数据源: Doonsec
2025-07-26 10:30:38,487 - INFO - 生成目录结构: doc/2025/2025-07/2025-W30/2025-07-26
2025-07-26 10:30:39,543 - INFO - 处理文件: .md
2025-07-26 10:30:39,543 - WARNING - 跳过空文件: .md
2025-07-26 10:30:39,543 - INFO - 完成处理URL: https://mp.weixin.qq.com/s?__biz=MzUyODkwNDIyMg==&mid=2247551095&idx=1&sn=de05181ef42ba6fcf3d26e94d140da36
2025-07-26 10:30:39,543 - INFO - 开始处理URL: https://mp.weixin.qq.com/s?__biz=Mzg4Njg3MDk5Ng==&mid=2247486981&idx=1&sn=5f11450a596bfcec7917fd9e3e04d8e1
2025-07-26 10:30:39,543 - INFO - 目标日期: 2025-07-26
2025-07-26 10:30:39,543 - INFO - 数据源: Doonsec
2025-07-26 10:30:39,544 - INFO - 生成目录结构: doc/2025/2025-07/2025-W30/2025-07-26
2025-07-26 10:30:40,557 - INFO - 处理文件: .md
2025-07-26 10:30:40,557 - WARNING - 跳过空文件: .md
2025-07-26 10:30:40,557 - INFO - 完成处理URL: https://mp.weixin.qq.com/s?__biz=Mzg4Njg3MDk5Ng==&mid=2247486981&idx=1&sn=5f11450a596bfcec7917fd9e3e04d8e1
2025-07-26 10:30:40,557 - INFO - 开始处理URL: https://mp.weixin.qq.com/s?__biz=MzkyNTQ0OTYxOQ==&mid=2247484125&idx=1&sn=cf1a8dbf52baed87f4cefc0dda647ed8
2025-07-26 10:30:40,557 - INFO - 目标日期: 2025-07-26
2025-07-26 10:30:40,557 - INFO - 数据源: Doonsec
2025-07-26 10:30:40,557 - INFO - 生成目录结构: doc/2025/2025-07/2025-W30/2025-07-26
2025-07-26 10:30:41,563 - INFO - 处理文件: .md
2025-07-26 10:30:41,563 - WARNING - 跳过空文件: .md
2025-07-26 10:30:41,563 - INFO - 完成处理URL: https://mp.weixin.qq.com/s?__biz=MzkyNTQ0OTYxOQ==&mid=2247484125&idx=1&sn=cf1a8dbf52baed87f4cefc0dda647ed8
2025-07-26 10:30:41,563 - INFO - 开始处理URL: https://mp.weixin.qq.com/s?__biz=MzkyMTYyOTQ5NA==&mid=2247487373&idx=1&sn=62ea806aea984f677d13db718f164ad2
2025-07-26 10:30:41,563 - INFO - 目标日期: 2025-07-26
2025-07-26 10:30:41,564 - INFO - 数据源: Doonsec
2025-07-26 10:30:41,564 - INFO - 生成目录结构: doc/2025/2025-07/2025-W30/2025-07-26
2025-07-26 10:30:42,616 - INFO - 处理文件: .md
2025-07-26 10:30:42,616 - WARNING - 跳过空文件: .md
2025-07-26 10:30:42,616 - INFO - 完成处理URL: https://mp.weixin.qq.com/s?__biz=MzkyMTYyOTQ5NA==&mid=2247487373&idx=1&sn=62ea806aea984f677d13db718f164ad2
2025-07-26 10:30:42,616 - INFO - 开始处理URL: https://mp.weixin.qq.com/s?__biz=MzU1NjgzOTAyMg==&mid=2247524399&idx=1&sn=0ac4db424451b35b65fefbcb9e71c5ae
2025-07-26 10:30:42,617 - INFO - 目标日期: 2025-07-26
2025-07-26 10:30:42,617 - INFO - 数据源: Doonsec
2025-07-26 10:30:42,617 - INFO - 生成目录结构: doc/2025/2025-07/2025-W30/2025-07-26
2025-07-26 10:30:43,629 - INFO - 处理文件: .md
2025-07-26 10:30:43,629 - WARNING - 跳过空文件: .md
2025-07-26 10:30:43,629 - INFO - 完成处理URL: https://mp.weixin.qq.com/s?__biz=MzU1NjgzOTAyMg==&mid=2247524399&idx=1&sn=0ac4db424451b35b65fefbcb9e71c5ae
2025-07-26 10:30:43,629 - INFO - 开始处理URL: https://mp.weixin.qq.com/s?__biz=Mzg4NTg5MDQ0OA==&mid=2247488383&idx=1&sn=e0ae57db2b937487da7d91170e41a703
2025-07-26 10:30:43,629 - INFO - 目标日期: 2025-07-26
2025-07-26 10:30:43,629 - INFO - 数据源: Doonsec
2025-07-26 10:30:43,629 - INFO - 生成目录结构: doc/2025/2025-07/2025-W30/2025-07-26
2025-07-26 10:30:44,722 - INFO - 处理文件: .md
2025-07-26 10:30:44,722 - WARNING - 跳过空文件: .md
2025-07-26 10:30:44,722 - INFO - 完成处理URL: https://mp.weixin.qq.com/s?__biz=Mzg4NTg5MDQ0OA==&mid=2247488383&idx=1&sn=e0ae57db2b937487da7d91170e41a703
2025-07-26 10:30:44,722 - INFO - 开始处理URL: https://mp.weixin.qq.com/s?__biz=MjM5MTA3Nzk4MQ==&mid=2650211651&idx=1&sn=120f1e16eb55bf1bb02ec893e8172b03
2025-07-26 10:30:44,722 - INFO - 目标日期: 2025-07-26
2025-07-26 10:30:44,722 - INFO - 数据源: Doonsec
2025-07-26 10:30:44,723 - INFO - 生成目录结构: doc/2025/2025-07/2025-W30/2025-07-26
2025-07-26 10:30:45,738 - INFO - 处理文件: .md
2025-07-26 10:30:45,739 - WARNING - 跳过空文件: .md
2025-07-26 10:30:45,739 - INFO - 完成处理URL: https://mp.weixin.qq.com/s?__biz=MjM5MTA3Nzk4MQ==&mid=2650211651&idx=1&sn=120f1e16eb55bf1bb02ec893e8172b03
2025-07-26 10:30:45,739 - INFO - 开始处理URL: https://mp.weixin.qq.com/s?__biz=MzAxMjE3ODU3MQ==&mid=2650611554&idx=2&sn=007fe989aa1ccaa7f44c7631ac364113
2025-07-26 10:30:45,739 - INFO - 目标日期: 2025-07-26
2025-07-26 10:30:45,739 - INFO - 数据源: Doonsec
2025-07-26 10:30:45,739 - INFO - 生成目录结构: doc/2025/2025-07/2025-W30/2025-07-26
2025-07-26 10:30:46,762 - INFO - 处理文件: .md
2025-07-26 10:30:46,762 - WARNING - 跳过空文件: .md
2025-07-26 10:30:46,762 - INFO - 完成处理URL: https://mp.weixin.qq.com/s?__biz=MzAxMjE3ODU3MQ==&mid=2650611554&idx=2&sn=007fe989aa1ccaa7f44c7631ac364113
2025-07-26 10:30:46,762 - INFO - 开始处理URL: https://mp.weixin.qq.com/s?__biz=MzAxMjE3ODU3MQ==&mid=2650611554&idx=4&sn=9aa84b37991c09faaae8f1989c2a9541
2025-07-26 10:30:46,762 - INFO - 目标日期: 2025-07-26
2025-07-26 10:30:46,762 - INFO - 数据源: Doonsec
2025-07-26 10:30:46,762 - INFO - 生成目录结构: doc/2025/2025-07/2025-W30/2025-07-26
2025-07-26 10:30:47,782 - INFO - 处理文件: .md
2025-07-26 10:30:47,782 - WARNING - 跳过空文件: .md
2025-07-26 10:30:47,783 - INFO - 完成处理URL: https://mp.weixin.qq.com/s?__biz=MzAxMjE3ODU3MQ==&mid=2650611554&idx=4&sn=9aa84b37991c09faaae8f1989c2a9541
2025-07-26 10:30:47,783 - INFO - 开始处理URL: https://mp.weixin.qq.com/s?__biz=MzI4MjkxNzY1NQ==&mid=2247486693&idx=1&sn=3911e52bf0859cf8247106b20bf4548e
2025-07-26 10:30:47,783 - INFO - 目标日期: 2025-07-26
2025-07-26 10:30:47,783 - INFO - 数据源: Doonsec
2025-07-26 10:30:47,783 - INFO - 生成目录结构: doc/2025/2025-07/2025-W30/2025-07-26
2025-07-26 10:30:48,821 - INFO - 处理文件: .md
2025-07-26 10:30:48,821 - WARNING - 跳过空文件: .md
2025-07-26 10:30:48,821 - INFO - 完成处理URL: https://mp.weixin.qq.com/s?__biz=MzI4MjkxNzY1NQ==&mid=2247486693&idx=1&sn=3911e52bf0859cf8247106b20bf4548e
2025-07-26 10:30:48,821 - INFO - 开始处理URL: https://mp.weixin.qq.com/s?__biz=MzU3MjczNzA1Ng==&mid=2247498137&idx=2&sn=74e3f356d280b1611becb7aecdb3e084
2025-07-26 10:30:48,821 - INFO - 目标日期: 2025-07-26
2025-07-26 10:30:48,821 - INFO - 数据源: Doonsec
2025-07-26 10:30:48,822 - INFO - 生成目录结构: doc/2025/2025-07/2025-W30/2025-07-26
2025-07-26 10:30:49,866 - INFO - 处理文件: .md
2025-07-26 10:30:49,866 - WARNING - 跳过空文件: .md
2025-07-26 10:30:49,866 - INFO - 完成处理URL: https://mp.weixin.qq.com/s?__biz=MzU3MjczNzA1Ng==&mid=2247498137&idx=2&sn=74e3f356d280b1611becb7aecdb3e084
2025-07-26 10:30:49,866 - INFO - 开始处理URL: https://mp.weixin.qq.com/s?__biz=MzUyOTc3NTQ5MA==&mid=2247500171&idx=2&sn=9db52f427c92c1afd039523f6c0d8740
2025-07-26 10:30:49,866 - INFO - 目标日期: 2025-07-26
2025-07-26 10:30:49,866 - INFO - 数据源: Doonsec
2025-07-26 10:30:49,866 - INFO - 生成目录结构: doc/2025/2025-07/2025-W30/2025-07-26
2025-07-26 10:30:50,918 - INFO - 处理文件: .md
2025-07-26 10:30:50,918 - WARNING - 跳过空文件: .md
2025-07-26 10:30:50,918 - INFO - 完成处理URL: https://mp.weixin.qq.com/s?__biz=MzUyOTc3NTQ5MA==&mid=2247500171&idx=2&sn=9db52f427c92c1afd039523f6c0d8740
2025-07-26 10:30:50,918 - INFO - 开始处理URL: https://mp.weixin.qq.com/s?__biz=MzUyOTc3NTQ5MA==&mid=2247500171&idx=3&sn=208407b8434074707169cedf4aab1af9
2025-07-26 10:30:50,918 - INFO - 目标日期: 2025-07-26
2025-07-26 10:30:50,918 - INFO - 数据源: Doonsec
2025-07-26 10:30:50,918 - INFO - 生成目录结构: doc/2025/2025-07/2025-W30/2025-07-26
2025-07-26 10:30:52,019 - INFO - 处理文件: .md
2025-07-26 10:30:52,019 - WARNING - 跳过空文件: .md
2025-07-26 10:30:52,019 - INFO - 完成处理URL: https://mp.weixin.qq.com/s?__biz=MzUyOTc3NTQ5MA==&mid=2247500171&idx=3&sn=208407b8434074707169cedf4aab1af9
2025-07-26 10:30:52,019 - INFO - 开始处理URL: https://mp.weixin.qq.com/s?__biz=MzA5MzU5MzQzMA==&mid=2652117210&idx=2&sn=58afec58a4993bd610c32bab0dd57ede
2025-07-26 10:30:52,019 - INFO - 目标日期: 2025-07-26
2025-07-26 10:30:52,019 - INFO - 数据源: Doonsec
2025-07-26 10:30:52,019 - INFO - 生成目录结构: doc/2025/2025-07/2025-W30/2025-07-26
2025-07-26 10:30:53,069 - INFO - 处理文件: .md
2025-07-26 10:30:53,069 - WARNING - 跳过空文件: .md
2025-07-26 10:30:53,069 - INFO - 完成处理URL: https://mp.weixin.qq.com/s?__biz=MzA5MzU5MzQzMA==&mid=2652117210&idx=2&sn=58afec58a4993bd610c32bab0dd57ede
2025-07-26 10:30:53,069 - INFO - 开始处理URL: https://mp.weixin.qq.com/s?__biz=MzU5MTExMjYwMA==&mid=2247485722&idx=2&sn=0172efd16cda28f974bb7a289b284358
2025-07-26 10:30:53,069 - INFO - 目标日期: 2025-07-26
2025-07-26 10:30:53,069 - INFO - 数据源: Doonsec
2025-07-26 10:30:53,070 - INFO - 生成目录结构: doc/2025/2025-07/2025-W30/2025-07-26
2025-07-26 10:30:54,157 - INFO - 处理文件: .md
2025-07-26 10:30:54,157 - WARNING - 跳过空文件: .md
2025-07-26 10:30:54,157 - INFO - 完成处理URL: https://mp.weixin.qq.com/s?__biz=MzU5MTExMjYwMA==&mid=2247485722&idx=2&sn=0172efd16cda28f974bb7a289b284358
2025-07-26 10:30:54,157 - INFO - 开始处理URL: https://mp.weixin.qq.com/s?__biz=MzIwMzU0ODczOA==&mid=2247487336&idx=2&sn=6e41abdcc34106b8f31e8f4be0fa8678
2025-07-26 10:30:54,157 - INFO - 目标日期: 2025-07-26
2025-07-26 10:30:54,157 - INFO - 数据源: Doonsec
2025-07-26 10:30:54,157 - INFO - 生成目录结构: doc/2025/2025-07/2025-W30/2025-07-26
2025-07-26 10:30:55,212 - INFO - 处理文件: .md
2025-07-26 10:30:55,212 - WARNING - 跳过空文件: .md
2025-07-26 10:30:55,212 - INFO - 完成处理URL: https://mp.weixin.qq.com/s?__biz=MzIwMzU0ODczOA==&mid=2247487336&idx=2&sn=6e41abdcc34106b8f31e8f4be0fa8678
2025-07-26 10:30:55,212 - INFO - 开始处理URL: https://mp.weixin.qq.com/s?__biz=MzkzMzE5OTQzMA==&mid=2247488056&idx=1&sn=2ab07347113105775f88583e64ec0cea
2025-07-26 10:30:55,212 - INFO - 目标日期: 2025-07-26
2025-07-26 10:30:55,212 - INFO - 数据源: Doonsec
2025-07-26 10:30:55,212 - INFO - 生成目录结构: doc/2025/2025-07/2025-W30/2025-07-26
2025-07-26 10:30:56,293 - INFO - 处理文件: .md
2025-07-26 10:30:56,293 - WARNING - 跳过空文件: .md
2025-07-26 10:30:56,293 - INFO - 完成处理URL: https://mp.weixin.qq.com/s?__biz=MzkzMzE5OTQzMA==&mid=2247488056&idx=1&sn=2ab07347113105775f88583e64ec0cea
2025-07-26 10:30:56,293 - INFO - 开始处理URL: https://mp.weixin.qq.com/s?__biz=MzIwMzIyMjYzNA==&mid=2247519325&idx=1&sn=238b574d1242c432b2a26de958fa1570
2025-07-26 10:30:56,293 - INFO - 目标日期: 2025-07-26
2025-07-26 10:30:56,293 - INFO - 数据源: Doonsec
2025-07-26 10:30:56,293 - INFO - 生成目录结构: doc/2025/2025-07/2025-W30/2025-07-26
2025-07-26 10:30:57,359 - INFO - 处理文件: .md
2025-07-26 10:30:57,360 - WARNING - 跳过空文件: .md
2025-07-26 10:30:57,360 - INFO - 完成处理URL: https://mp.weixin.qq.com/s?__biz=MzIwMzIyMjYzNA==&mid=2247519325&idx=1&sn=238b574d1242c432b2a26de958fa1570
2025-07-26 10:30:57,360 - INFO - 开始处理URL: https://mp.weixin.qq.com/s?__biz=MzkxNzY5MTg1Ng==&mid=2247490211&idx=2&sn=c2980130b3062865064d25e4de702f94
2025-07-26 10:30:57,360 - INFO - 目标日期: 2025-07-26
2025-07-26 10:30:57,360 - INFO - 数据源: Doonsec
2025-07-26 10:30:57,360 - INFO - 生成目录结构: doc/2025/2025-07/2025-W30/2025-07-26
2025-07-26 10:30:58,403 - INFO - 处理文件: .md
2025-07-26 10:30:58,404 - WARNING - 跳过空文件: .md
2025-07-26 10:30:58,404 - INFO - 完成处理URL: https://mp.weixin.qq.com/s?__biz=MzkxNzY5MTg1Ng==&mid=2247490211&idx=2&sn=c2980130b3062865064d25e4de702f94
2025-07-26 10:30:58,404 - INFO - 开始处理URL: https://mp.weixin.qq.com/s?__biz=MzkwMTQ0NDA1NQ==&mid=2247493845&idx=1&sn=5fe22faa637b8525677624f7c469a2bb
2025-07-26 10:30:58,404 - INFO - 目标日期: 2025-07-26
2025-07-26 10:30:58,404 - INFO - 数据源: Doonsec
2025-07-26 10:30:58,404 - INFO - 生成目录结构: doc/2025/2025-07/2025-W30/2025-07-26
2025-07-26 10:30:59,439 - INFO - 处理文件: .md
2025-07-26 10:30:59,439 - WARNING - 跳过空文件: .md
2025-07-26 10:30:59,439 - INFO - 完成处理URL: https://mp.weixin.qq.com/s?__biz=MzkwMTQ0NDA1NQ==&mid=2247493845&idx=1&sn=5fe22faa637b8525677624f7c469a2bb
2025-07-26 10:30:59,439 - INFO - 开始处理URL: https://mp.weixin.qq.com/s?__biz=MzkwMTQ0NDA1NQ==&mid=2247493845&idx=2&sn=cce1fa68fc0ebb4fc0d401cf381efc9c
2025-07-26 10:30:59,439 - INFO - 目标日期: 2025-07-26
2025-07-26 10:30:59,439 - INFO - 数据源: Doonsec
2025-07-26 10:30:59,439 - INFO - 生成目录结构: doc/2025/2025-07/2025-W30/2025-07-26
2025-07-26 10:31:00,452 - INFO - 处理文件: .md
2025-07-26 10:31:00,453 - WARNING - 跳过空文件: .md
2025-07-26 10:31:00,453 - INFO - 完成处理URL: https://mp.weixin.qq.com/s?__biz=MzkwMTQ0NDA1NQ==&mid=2247493845&idx=2&sn=cce1fa68fc0ebb4fc0d401cf381efc9c
2025-07-26 10:31:00,453 - INFO - 开始处理URL: https://mp.weixin.qq.com/s?__biz=MzkwMTQ0NDA1NQ==&mid=2247493845&idx=3&sn=bedc9a1a1ccc525239b69522d7f81744
2025-07-26 10:31:00,453 - INFO - 目标日期: 2025-07-26
2025-07-26 10:31:00,453 - INFO - 数据源: Doonsec
2025-07-26 10:31:00,453 - INFO - 生成目录结构: doc/2025/2025-07/2025-W30/2025-07-26
2025-07-26 10:31:01,470 - INFO - 处理文件: .md
2025-07-26 10:31:01,470 - WARNING - 跳过空文件: .md
2025-07-26 10:31:01,470 - INFO - 完成处理URL: https://mp.weixin.qq.com/s?__biz=MzkwMTQ0NDA1NQ==&mid=2247493845&idx=3&sn=bedc9a1a1ccc525239b69522d7f81744
2025-07-26 10:31:01,470 - INFO - 开始处理URL: https://mp.weixin.qq.com/s?__biz=MzAwNTgyODU3NQ==&mid=2651134513&idx=1&sn=e45e9026cacc3b8c742efae3c27dae95
2025-07-26 10:31:01,470 - INFO - 目标日期: 2025-07-26
2025-07-26 10:31:01,470 - INFO - 数据源: Doonsec
2025-07-26 10:31:01,470 - INFO - 生成目录结构: doc/2025/2025-07/2025-W30/2025-07-26
2025-07-26 10:31:02,506 - INFO - 处理文件: .md
2025-07-26 10:31:02,506 - WARNING - 跳过空文件: .md
2025-07-26 10:31:02,506 - INFO - 完成处理URL: https://mp.weixin.qq.com/s?__biz=MzAwNTgyODU3NQ==&mid=2651134513&idx=1&sn=e45e9026cacc3b8c742efae3c27dae95
2025-07-26 10:31:02,506 - INFO - 开始处理URL: https://mp.weixin.qq.com/s?__biz=Mzg2NjY2MTI3Mg==&mid=2247501022&idx=1&sn=860fe0dfbcf370df4cbaa8d8049bf6c9
2025-07-26 10:31:02,506 - INFO - 目标日期: 2025-07-26
2025-07-26 10:31:02,506 - INFO - 数据源: Doonsec
2025-07-26 10:31:02,506 - INFO - 生成目录结构: doc/2025/2025-07/2025-W30/2025-07-26
2025-07-26 10:31:03,560 - INFO - 处理文件: .md
2025-07-26 10:31:03,560 - WARNING - 跳过空文件: .md
2025-07-26 10:31:03,560 - INFO - 完成处理URL: https://mp.weixin.qq.com/s?__biz=Mzg2NjY2MTI3Mg==&mid=2247501022&idx=1&sn=860fe0dfbcf370df4cbaa8d8049bf6c9
2025-07-26 10:31:03,560 - INFO - 开始处理URL: https://mp.weixin.qq.com/s?__biz=Mzk0MjY1ODE5Mg==&mid=2247486596&idx=1&sn=b720343af4a9e7829ba9883541e733d8
2025-07-26 10:31:03,560 - INFO - 目标日期: 2025-07-26
2025-07-26 10:31:03,560 - INFO - 数据源: Doonsec
2025-07-26 10:31:03,560 - INFO - 生成目录结构: doc/2025/2025-07/2025-W30/2025-07-26
2025-07-26 10:31:04,636 - INFO - 处理文件: .md
2025-07-26 10:31:04,637 - WARNING - 跳过空文件: .md
2025-07-26 10:31:04,637 - INFO - 完成处理URL: https://mp.weixin.qq.com/s?__biz=Mzk0MjY1ODE5Mg==&mid=2247486596&idx=1&sn=b720343af4a9e7829ba9883541e733d8
2025-07-26 10:31:04,637 - INFO - 开始处理URL: https://mp.weixin.qq.com/s?__biz=MzUzNjkxODE5MA==&mid=2247492368&idx=1&sn=a4b0203e9131118d0e87bc53735e4c49
2025-07-26 10:31:04,637 - INFO - 目标日期: 2025-07-26
2025-07-26 10:31:04,637 - INFO - 数据源: Doonsec
2025-07-26 10:31:04,637 - INFO - 生成目录结构: doc/2025/2025-07/2025-W30/2025-07-26
2025-07-26 10:31:05,693 - INFO - 处理文件: .md
2025-07-26 10:31:05,693 - WARNING - 跳过空文件: .md
2025-07-26 10:31:05,693 - INFO - 完成处理URL: https://mp.weixin.qq.com/s?__biz=MzUzNjkxODE5MA==&mid=2247492368&idx=1&sn=a4b0203e9131118d0e87bc53735e4c49
2025-07-26 10:31:05,693 - INFO - 开始处理URL: https://mp.weixin.qq.com/s?__biz=Mzg3ODY0NTczMA==&mid=2247493233&idx=1&sn=a9c5eb293ecb042f842d77d7b81afbeb
2025-07-26 10:31:05,693 - INFO - 目标日期: 2025-07-26
2025-07-26 10:31:05,693 - INFO - 数据源: Doonsec
2025-07-26 10:31:05,693 - INFO - 生成目录结构: doc/2025/2025-07/2025-W30/2025-07-26
2025-07-26 10:31:06,756 - INFO - 处理文件: .md
2025-07-26 10:31:06,756 - WARNING - 跳过空文件: .md
2025-07-26 10:31:06,756 - INFO - 完成处理URL: https://mp.weixin.qq.com/s?__biz=Mzg3ODY0NTczMA==&mid=2247493233&idx=1&sn=a9c5eb293ecb042f842d77d7b81afbeb
2025-07-26 10:31:06,756 - INFO - 开始处理URL: https://mp.weixin.qq.com/s?__biz=MzIxMjEzMDkyMA==&mid=2247488729&idx=1&sn=076815b5fb8ddf81010ab0266848b8a2
2025-07-26 10:31:06,756 - INFO - 目标日期: 2025-07-26
2025-07-26 10:31:06,756 - INFO - 数据源: ChainReactors
2025-07-26 10:31:06,757 - INFO - 生成目录结构: doc/2025/2025-07/2025-W30/2025-07-26
2025-07-26 10:31:07,820 - INFO - 处理文件: .md
2025-07-26 10:31:07,820 - WARNING - 跳过空文件: .md
2025-07-26 10:31:07,820 - INFO - 完成处理URL: https://mp.weixin.qq.com/s?__biz=MzIxMjEzMDkyMA==&mid=2247488729&idx=1&sn=076815b5fb8ddf81010ab0266848b8a2
2025-07-26 10:31:07,820 - INFO - 开始处理URL: https://mp.weixin.qq.com/s?__biz=MzI3NzM5NDA0NA==&mid=2247491745&idx=2&sn=9365bcaa5f31fb1f78ced692d69f25a0
2025-07-26 10:31:07,820 - INFO - 目标日期: 2025-07-26
2025-07-26 10:31:07,820 - INFO - 数据源: ChainReactors
2025-07-26 10:31:07,820 - INFO - 生成目录结构: doc/2025/2025-07/2025-W30/2025-07-26
2025-07-26 10:31:08,830 - INFO - 处理文件: .md
2025-07-26 10:31:08,831 - WARNING - 跳过空文件: .md
2025-07-26 10:31:08,831 - INFO - 完成处理URL: https://mp.weixin.qq.com/s?__biz=MzI3NzM5NDA0NA==&mid=2247491745&idx=2&sn=9365bcaa5f31fb1f78ced692d69f25a0
2025-07-26 10:31:08,831 - INFO - 开始处理URL: https://mp.weixin.qq.com/s?__biz=MzU3Mjk2NDU2Nw==&mid=2247494035&idx=1&sn=422326cc617c33c78b3d518471e0862d
2025-07-26 10:31:08,831 - INFO - 目标日期: 2025-07-26
2025-07-26 10:31:08,831 - INFO - 数据源: ChainReactors
2025-07-26 10:31:08,831 - INFO - 生成目录结构: doc/2025/2025-07/2025-W30/2025-07-26
2025-07-26 10:31:09,858 - INFO - 处理文件: .md
2025-07-26 10:31:09,858 - WARNING - 跳过空文件: .md
2025-07-26 10:31:09,858 - INFO - 完成处理URL: https://mp.weixin.qq.com/s?__biz=MzU3Mjk2NDU2Nw==&mid=2247494035&idx=1&sn=422326cc617c33c78b3d518471e0862d
2025-07-26 10:31:09,858 - INFO - 开始处理URL: https://mp.weixin.qq.com/s?__biz=MjM5OTk4MDE2MA==&mid=2655287704&idx=1&sn=4aff161a9426aa83378486e9e0880f42
2025-07-26 10:31:09,858 - INFO - 目标日期: 2025-07-26
2025-07-26 10:31:09,858 - INFO - 数据源: ChainReactors
2025-07-26 10:31:09,858 - INFO - 生成目录结构: doc/2025/2025-07/2025-W30/2025-07-26
2025-07-26 10:31:10,913 - INFO - 处理文件: .md
2025-07-26 10:31:10,913 - WARNING - 跳过空文件: .md
2025-07-26 10:31:10,913 - INFO - 完成处理URL: https://mp.weixin.qq.com/s?__biz=MjM5OTk4MDE2MA==&mid=2655287704&idx=1&sn=4aff161a9426aa83378486e9e0880f42
2025-07-26 10:31:10,913 - INFO - 开始处理URL: https://mp.weixin.qq.com/s?__biz=MzUzMDgwMjY1Mg==&mid=2247485657&idx=1&sn=d7270a582590362011037e0cfb6b579c
2025-07-26 10:31:10,913 - INFO - 目标日期: 2025-07-26
2025-07-26 10:31:10,913 - INFO - 数据源: ChainReactors
2025-07-26 10:31:10,913 - INFO - 生成目录结构: doc/2025/2025-07/2025-W30/2025-07-26
2025-07-26 10:31:11,979 - INFO - 处理文件: .md
2025-07-26 10:31:11,979 - WARNING - 跳过空文件: .md
2025-07-26 10:31:11,979 - INFO - 完成处理URL: https://mp.weixin.qq.com/s?__biz=MzUzMDgwMjY1Mg==&mid=2247485657&idx=1&sn=d7270a582590362011037e0cfb6b579c
2025-07-26 10:31:11,979 - INFO - 开始处理URL: https://mp.weixin.qq.com/s?__biz=MzkzMTcwMTg1Mg==&mid=2247492240&idx=1&sn=57c9e5c3e3d6b925c22f719df68e209c
2025-07-26 10:31:11,980 - INFO - 目标日期: 2025-07-26
2025-07-26 10:31:11,980 - INFO - 数据源: ChainReactors
2025-07-26 10:31:11,980 - INFO - 生成目录结构: doc/2025/2025-07/2025-W30/2025-07-26
2025-07-26 10:31:12,976 - INFO - 处理文件: .md
2025-07-26 10:31:12,976 - WARNING - 跳过空文件: .md
2025-07-26 10:31:12,976 - INFO - 完成处理URL: https://mp.weixin.qq.com/s?__biz=MzkzMTcwMTg1Mg==&mid=2247492240&idx=1&sn=57c9e5c3e3d6b925c22f719df68e209c
2025-07-26 10:31:12,977 - INFO - 开始处理URL: https://mp.weixin.qq.com/s?__biz=Mzg5NzUyNTI1Nw==&mid=2247497525&idx=1&sn=4e7ceb71fac4d337628aa70ed6898e30
2025-07-26 10:31:12,977 - INFO - 目标日期: 2025-07-26
2025-07-26 10:31:12,977 - INFO - 数据源: ChainReactors
2025-07-26 10:31:12,977 - INFO - 生成目录结构: doc/2025/2025-07/2025-W30/2025-07-26
2025-07-26 10:31:14,056 - INFO - 处理文件: .md
2025-07-26 10:31:14,056 - WARNING - 跳过空文件: .md
2025-07-26 10:31:14,056 - INFO - 完成处理URL: https://mp.weixin.qq.com/s?__biz=Mzg5NzUyNTI1Nw==&mid=2247497525&idx=1&sn=4e7ceb71fac4d337628aa70ed6898e30
2025-07-26 10:31:14,056 - INFO - 开始处理URL: https://mp.weixin.qq.com/s?__biz=Mzk0ODM3NTU5MA==&mid=2247494428&idx=1&sn=60bb4811d514a7ac89ad90e0352993e1
2025-07-26 10:31:14,056 - INFO - 目标日期: 2025-07-26
2025-07-26 10:31:14,056 - INFO - 数据源: ChainReactors
2025-07-26 10:31:14,056 - INFO - 生成目录结构: doc/2025/2025-07/2025-W30/2025-07-26
2025-07-26 10:31:15,130 - INFO - 处理文件: .md
2025-07-26 10:31:15,130 - WARNING - 跳过空文件: .md
2025-07-26 10:31:15,130 - INFO - 完成处理URL: https://mp.weixin.qq.com/s?__biz=Mzk0ODM3NTU5MA==&mid=2247494428&idx=1&sn=60bb4811d514a7ac89ad90e0352993e1
2025-07-26 10:31:15,130 - INFO - 开始处理URL: https://mp.weixin.qq.com/s?__biz=MzIzMzE4NDU1OQ==&mid=2652070835&idx=2&sn=1dba03a76be6bb6fedf7e9b3ec2d3c58
2025-07-26 10:31:15,130 - INFO - 目标日期: 2025-07-26
2025-07-26 10:31:15,130 - INFO - 数据源: ChainReactors
2025-07-26 10:31:15,130 - INFO - 生成目录结构: doc/2025/2025-07/2025-W30/2025-07-26
2025-07-26 10:31:16,360 - INFO - 处理文件: .md
2025-07-26 10:31:16,360 - WARNING - 跳过空文件: .md
2025-07-26 10:31:16,360 - INFO - 完成处理URL: https://mp.weixin.qq.com/s?__biz=MzIzMzE4NDU1OQ==&mid=2652070835&idx=2&sn=1dba03a76be6bb6fedf7e9b3ec2d3c58
2025-07-26 10:31:16,360 - INFO - 开始处理URL: https://mp.weixin.qq.com/s?__biz=MzkwODE5NTkyNQ==&mid=2247484257&idx=1&sn=fd6ad6ee33304fec0626bd98489a8abd
2025-07-26 10:31:16,360 - INFO - 目标日期: 2025-07-26
2025-07-26 10:31:16,360 - INFO - 数据源: ChainReactors
2025-07-26 10:31:16,360 - INFO - 生成目录结构: doc/2025/2025-07/2025-W30/2025-07-26
2025-07-26 10:31:17,400 - INFO - 处理文件: .md
2025-07-26 10:31:17,400 - WARNING - 跳过空文件: .md
2025-07-26 10:31:17,400 - INFO - 完成处理URL: https://mp.weixin.qq.com/s?__biz=MzkwODE5NTkyNQ==&mid=2247484257&idx=1&sn=fd6ad6ee33304fec0626bd98489a8abd
2025-07-26 10:31:17,400 - INFO - 开始处理URL: https://mp.weixin.qq.com/s?__biz=MzI0NzE4ODk1Mw==&mid=2652096414&idx=1&sn=7449f83a6b6cd289433b0bc5fb9ff605
2025-07-26 10:31:17,400 - INFO - 目标日期: 2025-07-26
2025-07-26 10:31:17,400 - INFO - 数据源: ChainReactors
2025-07-26 10:31:17,400 - INFO - 生成目录结构: doc/2025/2025-07/2025-W30/2025-07-26
2025-07-26 10:31:18,435 - INFO - 处理文件: .md
2025-07-26 10:31:18,435 - WARNING - 跳过空文件: .md
2025-07-26 10:31:18,435 - INFO - 完成处理URL: https://mp.weixin.qq.com/s?__biz=MzI0NzE4ODk1Mw==&mid=2652096414&idx=1&sn=7449f83a6b6cd289433b0bc5fb9ff605
2025-07-26 10:31:18,435 - INFO - 开始处理URL: https://mp.weixin.qq.com/s?__biz=MzI0NzE4ODk1Mw==&mid=2652096414&idx=2&sn=436c3c90ae970c1975ed9f621a592460
2025-07-26 10:31:18,435 - INFO - 目标日期: 2025-07-26
2025-07-26 10:31:18,436 - INFO - 数据源: ChainReactors
2025-07-26 10:31:18,436 - INFO - 生成目录结构: doc/2025/2025-07/2025-W30/2025-07-26
2025-07-26 10:31:19,505 - INFO - 处理文件: .md
2025-07-26 10:31:19,505 - WARNING - 跳过空文件: .md
2025-07-26 10:31:19,505 - INFO - 完成处理URL: https://mp.weixin.qq.com/s?__biz=MzI0NzE4ODk1Mw==&mid=2652096414&idx=2&sn=436c3c90ae970c1975ed9f621a592460
2025-07-26 10:31:19,505 - INFO - 开始处理URL: https://mp.weixin.qq.com/s?__biz=MjM5NjA0NjgyMA==&mid=2651325475&idx=2&sn=ac657130c512fe8201d15009dbed63ef
2025-07-26 10:31:19,505 - INFO - 目标日期: 2025-07-26
2025-07-26 10:31:19,505 - INFO - 数据源: ChainReactors
2025-07-26 10:31:19,505 - INFO - 生成目录结构: doc/2025/2025-07/2025-W30/2025-07-26
2025-07-26 10:31:20,541 - INFO - 处理文件: .md
2025-07-26 10:31:20,541 - WARNING - 跳过空文件: .md
2025-07-26 10:31:20,541 - INFO - 完成处理URL: https://mp.weixin.qq.com/s?__biz=MjM5NjA0NjgyMA==&mid=2651325475&idx=2&sn=ac657130c512fe8201d15009dbed63ef
2025-07-26 10:31:20,541 - INFO - 开始处理URL: https://mp.weixin.qq.com/s?__biz=MzIyNDg2MDQ4Ng==&mid=2247487453&idx=1&sn=8bcf161a845642cf5de6f40c9597d962
2025-07-26 10:31:20,541 - INFO - 目标日期: 2025-07-26
2025-07-26 10:31:20,541 - INFO - 数据源: ChainReactors
2025-07-26 10:31:20,541 - INFO - 生成目录结构: doc/2025/2025-07/2025-W30/2025-07-26
2025-07-26 10:31:21,578 - INFO - 处理文件: .md
2025-07-26 10:31:21,578 - WARNING - 跳过空文件: .md
2025-07-26 10:31:21,578 - INFO - 完成处理URL: https://mp.weixin.qq.com/s?__biz=MzIyNDg2MDQ4Ng==&mid=2247487453&idx=1&sn=8bcf161a845642cf5de6f40c9597d962
2025-07-26 10:31:21,578 - INFO - 开始处理URL: https://mp.weixin.qq.com/s?__biz=MzI2MDk2NDA0OA==&mid=2247534126&idx=2&sn=f71583e1129586ee794805644ec6cd8d
2025-07-26 10:31:21,578 - INFO - 目标日期: 2025-07-26
2025-07-26 10:31:21,578 - INFO - 数据源: ChainReactors
2025-07-26 10:31:21,578 - INFO - 生成目录结构: doc/2025/2025-07/2025-W30/2025-07-26
2025-07-26 10:31:22,725 - INFO - 处理文件: .md
2025-07-26 10:31:22,725 - WARNING - 跳过空文件: .md
2025-07-26 10:31:22,725 - INFO - 完成处理URL: https://mp.weixin.qq.com/s?__biz=MzI2MDk2NDA0OA==&mid=2247534126&idx=2&sn=f71583e1129586ee794805644ec6cd8d
2025-07-26 10:31:22,725 - INFO - 开始处理URL: https://mp.weixin.qq.com/s?__biz=MjM5NjA0NjgyMA==&mid=2651325475&idx=3&sn=8ec5f9d49dd4e5544b9ec3be93a1d4a7
2025-07-26 10:31:22,725 - INFO - 目标日期: 2025-07-26
2025-07-26 10:31:22,725 - INFO - 数据源: ChainReactors
2025-07-26 10:31:22,726 - INFO - 生成目录结构: doc/2025/2025-07/2025-W30/2025-07-26
2025-07-26 10:31:23,761 - INFO - 处理文件: .md
2025-07-26 10:31:23,761 - WARNING - 跳过空文件: .md
2025-07-26 10:31:23,761 - INFO - 完成处理URL: https://mp.weixin.qq.com/s?__biz=MjM5NjA0NjgyMA==&mid=2651325475&idx=3&sn=8ec5f9d49dd4e5544b9ec3be93a1d4a7
2025-07-26 10:31:23,761 - INFO - 开始处理URL: https://mp.weixin.qq.com/s?__biz=MjM5NTc2MDYxMw==&mid=2458597709&idx=3&sn=459727893b5255e204c5c5435b77c00e
2025-07-26 10:31:23,761 - INFO - 目标日期: 2025-07-26
2025-07-26 10:31:23,761 - INFO - 数据源: ChainReactors
2025-07-26 10:31:23,762 - INFO - 生成目录结构: doc/2025/2025-07/2025-W30/2025-07-26
2025-07-26 10:31:24,790 - INFO - 处理文件: .md
2025-07-26 10:31:24,790 - WARNING - 跳过空文件: .md
2025-07-26 10:31:24,790 - INFO - 完成处理URL: https://mp.weixin.qq.com/s?__biz=MjM5NTc2MDYxMw==&mid=2458597709&idx=3&sn=459727893b5255e204c5c5435b77c00e
2025-07-26 10:31:24,790 - INFO - 开始处理URL: https://mp.weixin.qq.com/s?__biz=MzA5MzE5MDAzOA==&mid=2664246182&idx=1&sn=3744f2a8dbe228636a2987c3eb590b15
2025-07-26 10:31:24,790 - INFO - 目标日期: 2025-07-26
2025-07-26 10:31:24,790 - INFO - 数据源: ChainReactors
2025-07-26 10:31:24,791 - INFO - 生成目录结构: doc/2025/2025-07/2025-W30/2025-07-26
2025-07-26 10:31:25,794 - INFO - 处理文件: .md
2025-07-26 10:31:25,794 - WARNING - 跳过空文件: .md
2025-07-26 10:31:25,794 - INFO - 完成处理URL: https://mp.weixin.qq.com/s?__biz=MzA5MzE5MDAzOA==&mid=2664246182&idx=1&sn=3744f2a8dbe228636a2987c3eb590b15
2025-07-26 10:31:25,794 - INFO - 开始处理URL: https://mp.weixin.qq.com/s?__biz=MzIxNTQxMjQyNg==&mid=2247494250&idx=1&sn=d3efb0959483c4f887527bb38908f5f9
2025-07-26 10:31:25,794 - INFO - 目标日期: 2025-07-26
2025-07-26 10:31:25,794 - INFO - 数据源: ChainReactors
2025-07-26 10:31:25,794 - INFO - 生成目录结构: doc/2025/2025-07/2025-W30/2025-07-26
2025-07-26 10:31:26,871 - INFO - 处理文件: .md
2025-07-26 10:31:26,872 - WARNING - 跳过空文件: .md
2025-07-26 10:31:26,872 - INFO - 完成处理URL: https://mp.weixin.qq.com/s?__biz=MzIxNTQxMjQyNg==&mid=2247494250&idx=1&sn=d3efb0959483c4f887527bb38908f5f9
2025-07-26 10:31:26,872 - INFO - 开始处理URL: https://mp.weixin.qq.com/s?__biz=MzA4NTY4MjAyMQ==&mid=2447901012&idx=1&sn=557577a737fb92e61a0718532a73c147
2025-07-26 10:31:26,872 - INFO - 目标日期: 2025-07-26
2025-07-26 10:31:26,872 - INFO - 数据源: ChainReactors
2025-07-26 10:31:26,872 - INFO - 生成目录结构: doc/2025/2025-07/2025-W30/2025-07-26
2025-07-26 10:31:27,921 - INFO - 处理文件: .md
2025-07-26 10:31:27,922 - WARNING - 跳过空文件: .md
2025-07-26 10:31:27,922 - INFO - 完成处理URL: https://mp.weixin.qq.com/s?__biz=MzA4NTY4MjAyMQ==&mid=2447901012&idx=1&sn=557577a737fb92e61a0718532a73c147
2025-07-26 10:31:27,922 - INFO - 开始处理URL: https://mp.weixin.qq.com/s?__biz=MzkxNTIwNTkyNg==&mid=2247555559&idx=2&sn=7e3cfe11968e86a811c18fea062d56b1
2025-07-26 10:31:27,922 - INFO - 目标日期: 2025-07-26
2025-07-26 10:31:27,922 - INFO - 数据源: ChainReactors
2025-07-26 10:31:27,922 - INFO - 生成目录结构: doc/2025/2025-07/2025-W30/2025-07-26
2025-07-26 10:31:28,948 - INFO - 处理文件: .md
2025-07-26 10:31:28,948 - WARNING - 跳过空文件: .md
2025-07-26 10:31:28,948 - INFO - 完成处理URL: https://mp.weixin.qq.com/s?__biz=MzkxNTIwNTkyNg==&mid=2247555559&idx=2&sn=7e3cfe11968e86a811c18fea062d56b1
2025-07-26 10:31:28,948 - INFO - 开始处理URL: https://mp.weixin.qq.com/s?__biz=MzkwMTMyMDQ3Mw==&mid=2247600771&idx=1&sn=bac000a6f885379701702cda065d075d
2025-07-26 10:31:28,948 - INFO - 目标日期: 2025-07-26
2025-07-26 10:31:28,949 - INFO - 数据源: ChainReactors
2025-07-26 10:31:28,949 - INFO - 生成目录结构: doc/2025/2025-07/2025-W30/2025-07-26
2025-07-26 10:31:30,017 - INFO - 处理文件: .md
2025-07-26 10:31:30,018 - WARNING - 跳过空文件: .md
2025-07-26 10:31:30,018 - INFO - 完成处理URL: https://mp.weixin.qq.com/s?__biz=MzkwMTMyMDQ3Mw==&mid=2247600771&idx=1&sn=bac000a6f885379701702cda065d075d
2025-07-26 10:31:30,018 - INFO - 开始处理URL: https://mp.weixin.qq.com/s?__biz=MjM5MzMwMDU5NQ==&mid=2649173932&idx=2&sn=b0b7d212a13a7c15786e535e59d3b559
2025-07-26 10:31:30,018 - INFO - 目标日期: 2025-07-26
2025-07-26 10:31:30,018 - INFO - 数据源: ChainReactors
2025-07-26 10:31:30,018 - INFO - 生成目录结构: doc/2025/2025-07/2025-W30/2025-07-26
2025-07-26 10:31:31,034 - INFO - 处理文件: .md
2025-07-26 10:31:31,034 - WARNING - 跳过空文件: .md
2025-07-26 10:31:31,034 - INFO - 完成处理URL: https://mp.weixin.qq.com/s?__biz=MjM5MzMwMDU5NQ==&mid=2649173932&idx=2&sn=b0b7d212a13a7c15786e535e59d3b559
2025-07-26 10:31:31,034 - INFO - 开始处理URL: https://mp.weixin.qq.com/s?__biz=MzkxMzMyNzMyMA==&mid=2247574114&idx=1&sn=eccf9d7603a0005ddbbf4bcd121f93e2
2025-07-26 10:31:31,034 - INFO - 目标日期: 2025-07-26
2025-07-26 10:31:31,034 - INFO - 数据源: ChainReactors
2025-07-26 10:31:31,035 - INFO - 生成目录结构: doc/2025/2025-07/2025-W30/2025-07-26
2025-07-26 10:31:32,082 - INFO - 处理文件: .md
2025-07-26 10:31:32,082 - WARNING - 跳过空文件: .md
2025-07-26 10:31:32,083 - INFO - 完成处理URL: https://mp.weixin.qq.com/s?__biz=MzkxMzMyNzMyMA==&mid=2247574114&idx=1&sn=eccf9d7603a0005ddbbf4bcd121f93e2
2025-07-26 10:31:32,083 - INFO - 开始处理URL: https://mp.weixin.qq.com/s?__biz=Mzg4NjYyMzUyNg==&mid=2247492404&idx=1&sn=7bde134a7f942451f9d89f366305a75a
2025-07-26 10:31:32,083 - INFO - 目标日期: 2025-07-26
2025-07-26 10:31:32,083 - INFO - 数据源: ChainReactors
2025-07-26 10:31:32,083 - INFO - 生成目录结构: doc/2025/2025-07/2025-W30/2025-07-26
2025-07-26 10:31:33,164 - INFO - 处理文件: .md
2025-07-26 10:31:33,164 - WARNING - 跳过空文件: .md
2025-07-26 10:31:33,165 - INFO - 完成处理URL: https://mp.weixin.qq.com/s?__biz=Mzg4NjYyMzUyNg==&mid=2247492404&idx=1&sn=7bde134a7f942451f9d89f366305a75a
2025-07-26 10:31:33,165 - INFO - 开始处理URL: https://mp.weixin.qq.com/s?__biz=MzA4MTQ2MjI5OA==&mid=2664092725&idx=1&sn=7bcf1bbf85c78d24e1ca050bc3d16573
2025-07-26 10:31:33,165 - INFO - 目标日期: 2025-07-26
2025-07-26 10:31:33,165 - INFO - 数据源: ChainReactors
2025-07-26 10:31:33,165 - INFO - 生成目录结构: doc/2025/2025-07/2025-W30/2025-07-26
2025-07-26 10:31:34,258 - INFO - 处理文件: .md
2025-07-26 10:31:34,258 - WARNING - 跳过空文件: .md
2025-07-26 10:31:34,258 - INFO - 完成处理URL: https://mp.weixin.qq.com/s?__biz=MzA4MTQ2MjI5OA==&mid=2664092725&idx=1&sn=7bcf1bbf85c78d24e1ca050bc3d16573
2025-07-26 10:31:34,259 - INFO - 开始处理URL: https://mp.weixin.qq.com/s?__biz=Mzg4NTg5MDQ0OA==&mid=2247488377&idx=1&sn=61c9e7954dba7b73b6c1f1430d5064d4
2025-07-26 10:31:34,259 - INFO - 目标日期: 2025-07-26
2025-07-26 10:31:34,259 - INFO - 数据源: ChainReactors
2025-07-26 10:31:34,259 - INFO - 生成目录结构: doc/2025/2025-07/2025-W30/2025-07-26
2025-07-26 10:31:35,284 - INFO - 处理文件: .md
2025-07-26 10:31:35,284 - WARNING - 跳过空文件: .md
2025-07-26 10:31:35,284 - INFO - 完成处理URL: https://mp.weixin.qq.com/s?__biz=Mzg4NTg5MDQ0OA==&mid=2247488377&idx=1&sn=61c9e7954dba7b73b6c1f1430d5064d4
2025-07-26 10:31:35,284 - INFO - 开始处理URL: https://mp.weixin.qq.com/s?__biz=MzU5MjgwMDg1Mg==&mid=2247486107&idx=1&sn=5ef527eee9286fd12b3c213a8eec1965
2025-07-26 10:31:35,284 - INFO - 目标日期: 2025-07-26
2025-07-26 10:31:35,284 - INFO - 数据源: ChainReactors
2025-07-26 10:31:35,284 - INFO - 生成目录结构: doc/2025/2025-07/2025-W30/2025-07-26
2025-07-26 10:31:36,306 - INFO - 处理文件: .md
2025-07-26 10:31:36,306 - WARNING - 跳过空文件: .md
2025-07-26 10:31:36,306 - INFO - 完成处理URL: https://mp.weixin.qq.com/s?__biz=MzU5MjgwMDg1Mg==&mid=2247486107&idx=1&sn=5ef527eee9286fd12b3c213a8eec1965
2025-07-26 10:31:36,306 - INFO - 开始处理URL: https://mp.weixin.qq.com/s?__biz=MzA3NTIyNzgwNA==&mid=2650260376&idx=1&sn=8f3fd8398b0e4304424047f29bbaaf48
2025-07-26 10:31:36,306 - INFO - 目标日期: 2025-07-26
2025-07-26 10:31:36,306 - INFO - 数据源: ChainReactors
2025-07-26 10:31:36,306 - INFO - 生成目录结构: doc/2025/2025-07/2025-W30/2025-07-26
2025-07-26 10:31:37,347 - INFO - 处理文件: .md
2025-07-26 10:31:37,348 - WARNING - 跳过空文件: .md
2025-07-26 10:31:37,348 - INFO - 完成处理URL: https://mp.weixin.qq.com/s?__biz=MzA3NTIyNzgwNA==&mid=2650260376&idx=1&sn=8f3fd8398b0e4304424047f29bbaaf48
2025-07-26 10:31:37,348 - INFO - 开始处理URL: https://mp.weixin.qq.com/s?__biz=MzA3NTIyNzgwNA==&mid=2650260376&idx=2&sn=70dfbe6584d0f8449c68a770254e203f
2025-07-26 10:31:37,348 - INFO - 目标日期: 2025-07-26
2025-07-26 10:31:37,348 - INFO - 数据源: ChainReactors
2025-07-26 10:31:37,348 - INFO - 生成目录结构: doc/2025/2025-07/2025-W30/2025-07-26
2025-07-26 10:31:38,375 - INFO - 处理文件: .md
2025-07-26 10:31:38,375 - WARNING - 跳过空文件: .md
2025-07-26 10:31:38,375 - INFO - 完成处理URL: https://mp.weixin.qq.com/s?__biz=MzA3NTIyNzgwNA==&mid=2650260376&idx=2&sn=70dfbe6584d0f8449c68a770254e203f
2025-07-26 10:31:38,375 - INFO - 开始处理URL: https://mp.weixin.qq.com/s?__biz=Mzk0NTU0ODc0Nw==&mid=2247492929&idx=3&sn=ed80d67d95f6d50ed820040fce0edf72
2025-07-26 10:31:38,375 - INFO - 目标日期: 2025-07-26
2025-07-26 10:31:38,375 - INFO - 数据源: ChainReactors
2025-07-26 10:31:38,376 - INFO - 生成目录结构: doc/2025/2025-07/2025-W30/2025-07-26
2025-07-26 10:31:39,407 - INFO - 处理文件: .md
2025-07-26 10:31:39,407 - WARNING - 跳过空文件: .md
2025-07-26 10:31:39,407 - INFO - 完成处理URL: https://mp.weixin.qq.com/s?__biz=Mzk0NTU0ODc0Nw==&mid=2247492929&idx=3&sn=ed80d67d95f6d50ed820040fce0edf72
2025-07-26 10:31:39,407 - INFO - 开始处理URL: https://mp.weixin.qq.com/s?__biz=Mzg3ODY0NTczMA==&mid=2247493232&idx=1&sn=36b2c7f2e91955a9416a124f7efa0e93
2025-07-26 10:31:39,407 - INFO - 目标日期: 2025-07-26
2025-07-26 10:31:39,407 - INFO - 数据源: ChainReactors
2025-07-26 10:31:39,408 - INFO - 生成目录结构: doc/2025/2025-07/2025-W30/2025-07-26
2025-07-26 10:31:40,454 - INFO - 处理文件: .md
2025-07-26 10:31:40,454 - WARNING - 跳过空文件: .md
2025-07-26 10:31:40,455 - INFO - 完成处理URL: https://mp.weixin.qq.com/s?__biz=Mzg3ODY0NTczMA==&mid=2247493232&idx=1&sn=36b2c7f2e91955a9416a124f7efa0e93
2025-07-26 10:31:40,455 - INFO - 开始处理URL: https://mp.weixin.qq.com/s?__biz=MzA4ODEyODA3MQ==&mid=2247492914&idx=1&sn=2391f58d57330ae09681aad0095f59ee
2025-07-26 10:31:40,455 - INFO - 目标日期: 2025-07-26
2025-07-26 10:31:40,455 - INFO - 数据源: ChainReactors
2025-07-26 10:31:40,455 - INFO - 生成目录结构: doc/2025/2025-07/2025-W30/2025-07-26
2025-07-26 10:31:41,509 - INFO - 处理文件: .md
2025-07-26 10:31:41,509 - WARNING - 跳过空文件: .md
2025-07-26 10:31:41,509 - INFO - 完成处理URL: https://mp.weixin.qq.com/s?__biz=MzA4ODEyODA3MQ==&mid=2247492914&idx=1&sn=2391f58d57330ae09681aad0095f59ee
2025-07-26 10:31:41,509 - INFO - 开始处理URL: https://mp.weixin.qq.com/s?__biz=MzAwNTgyODU3NQ==&mid=2651134491&idx=1&sn=ba532203c1fb7f830340d6c1ccc326f0
2025-07-26 10:31:41,509 - INFO - 目标日期: 2025-07-26
2025-07-26 10:31:41,509 - INFO - 数据源: ChainReactors
2025-07-26 10:31:41,509 - INFO - 生成目录结构: doc/2025/2025-07/2025-W30/2025-07-26
2025-07-26 10:31:42,573 - INFO - 处理文件: .md
2025-07-26 10:31:42,574 - WARNING - 跳过空文件: .md
2025-07-26 10:31:42,574 - INFO - 完成处理URL: https://mp.weixin.qq.com/s?__biz=MzAwNTgyODU3NQ==&mid=2651134491&idx=1&sn=ba532203c1fb7f830340d6c1ccc326f0
2025-07-26 10:31:42,574 - INFO - 开始处理URL: https://mp.weixin.qq.com/s?__biz=MzU5NDgxODU1MQ==&mid=2247503650&idx=1&sn=8d98c085b18a76e46301fa9d8792e58e
2025-07-26 10:31:42,574 - INFO - 目标日期: 2025-07-26
2025-07-26 10:31:42,574 - INFO - 数据源: ChainReactors
2025-07-26 10:31:42,574 - INFO - 生成目录结构: doc/2025/2025-07/2025-W30/2025-07-26
2025-07-26 10:31:43,607 - INFO - 处理文件: .md
2025-07-26 10:31:43,608 - WARNING - 跳过空文件: .md
2025-07-26 10:31:43,608 - INFO - 完成处理URL: https://mp.weixin.qq.com/s?__biz=MzU5NDgxODU1MQ==&mid=2247503650&idx=1&sn=8d98c085b18a76e46301fa9d8792e58e
2025-07-26 10:31:43,608 - INFO - 开始处理URL: https://mp.weixin.qq.com/s?__biz=MzAxNDY2MTQ2OQ==&mid=2650990986&idx=2&sn=643ffa6aef0b7df57bcf45124ace76ac
2025-07-26 10:31:43,608 - INFO - 目标日期: 2025-07-26
2025-07-26 10:31:43,608 - INFO - 数据源: ChainReactors
2025-07-26 10:31:43,608 - INFO - 生成目录结构: doc/2025/2025-07/2025-W30/2025-07-26
2025-07-26 10:31:44,682 - INFO - 处理文件: .md
2025-07-26 10:31:44,682 - WARNING - 跳过空文件: .md
2025-07-26 10:31:44,682 - INFO - 完成处理URL: https://mp.weixin.qq.com/s?__biz=MzAxNDY2MTQ2OQ==&mid=2650990986&idx=2&sn=643ffa6aef0b7df57bcf45124ace76ac
2025-07-26 10:31:44,682 - INFO - 开始处理URL: https://mp.weixin.qq.com/s?__biz=MzI5NTQ5MTAzMA==&mid=2247484529&idx=1&sn=f3bea780785bfaf1d8916e63e811330f
2025-07-26 10:31:44,682 - INFO - 目标日期: 2025-07-26
2025-07-26 10:31:44,683 - INFO - 数据源: ChainReactors
2025-07-26 10:31:44,683 - INFO - 生成目录结构: doc/2025/2025-07/2025-W30/2025-07-26
2025-07-26 10:31:45,748 - INFO - 处理文件: .md
2025-07-26 10:31:45,748 - WARNING - 跳过空文件: .md
2025-07-26 10:31:45,748 - INFO - 完成处理URL: https://mp.weixin.qq.com/s?__biz=MzI5NTQ5MTAzMA==&mid=2247484529&idx=1&sn=f3bea780785bfaf1d8916e63e811330f
2025-07-26 10:31:45,748 - INFO - 开始处理URL: https://mp.weixin.qq.com/s?__biz=MzI2MDc2MDA4OA==&mid=2247515416&idx=1&sn=72f4c32751557b6ed5463479e8e074b3
2025-07-26 10:31:45,748 - INFO - 目标日期: 2025-07-26
2025-07-26 10:31:45,748 - INFO - 数据源: ChainReactors
2025-07-26 10:31:45,748 - INFO - 生成目录结构: doc/2025/2025-07/2025-W30/2025-07-26
2025-07-26 10:31:46,769 - INFO - 处理文件: .md
2025-07-26 10:31:46,769 - WARNING - 跳过空文件: .md
2025-07-26 10:31:46,769 - INFO - 完成处理URL: https://mp.weixin.qq.com/s?__biz=MzI2MDc2MDA4OA==&mid=2247515416&idx=1&sn=72f4c32751557b6ed5463479e8e074b3
2025-07-26 10:31:46,769 - INFO - 开始处理URL: https://mp.weixin.qq.com/s?__biz=MzUzODU3ODA0MA==&mid=2247490699&idx=1&sn=fbfd29f46d746052554c82e192440b12
2025-07-26 10:31:46,769 - INFO - 目标日期: 2025-07-26
2025-07-26 10:31:46,769 - INFO - 数据源: ChainReactors
2025-07-26 10:31:46,769 - INFO - 生成目录结构: doc/2025/2025-07/2025-W30/2025-07-26
2025-07-26 10:31:47,833 - INFO - 处理文件: .md
2025-07-26 10:31:47,833 - WARNING - 跳过空文件: .md
2025-07-26 10:31:47,833 - INFO - 完成处理URL: https://mp.weixin.qq.com/s?__biz=MzUzODU3ODA0MA==&mid=2247490699&idx=1&sn=fbfd29f46d746052554c82e192440b12
2025-07-26 10:31:47,834 - INFO - 开始处理URL: https://mp.weixin.qq.com/s?__biz=MjM5Njc3NjM4MA==&mid=2651138126&idx=2&sn=491bf92938894d032afd1fe94bf57984
2025-07-26 10:31:47,834 - INFO - 目标日期: 2025-07-26
2025-07-26 10:31:47,834 - INFO - 数据源: ChainReactors
2025-07-26 10:31:47,834 - INFO - 生成目录结构: doc/2025/2025-07/2025-W30/2025-07-26
2025-07-26 10:31:48,917 - INFO - 处理文件: .md
2025-07-26 10:31:48,917 - WARNING - 跳过空文件: .md
2025-07-26 10:31:48,917 - INFO - 完成处理URL: https://mp.weixin.qq.com/s?__biz=MjM5Njc3NjM4MA==&mid=2651138126&idx=2&sn=491bf92938894d032afd1fe94bf57984
2025-07-26 10:31:48,917 - INFO - 开始处理URL: https://mp.weixin.qq.com/s?__biz=MzUyOTc3NTQ5MA==&mid=2247500164&idx=1&sn=8f743a9ce0f5875dcecba547766eae60
2025-07-26 10:31:48,917 - INFO - 目标日期: 2025-07-26
2025-07-26 10:31:48,917 - INFO - 数据源: ChainReactors
2025-07-26 10:31:48,917 - INFO - 生成目录结构: doc/2025/2025-07/2025-W30/2025-07-26
2025-07-26 10:31:49,963 - INFO - 处理文件: .md
2025-07-26 10:31:49,964 - WARNING - 跳过空文件: .md
2025-07-26 10:31:49,964 - INFO - 完成处理URL: https://mp.weixin.qq.com/s?__biz=MzUyOTc3NTQ5MA==&mid=2247500164&idx=1&sn=8f743a9ce0f5875dcecba547766eae60
2025-07-26 10:31:49,964 - INFO - 开始处理URL: https://mp.weixin.qq.com/s?__biz=MzUyOTc3NTQ5MA==&mid=2247500164&idx=2&sn=06ae5f59a4b2d47ba16073321d9695aa
2025-07-26 10:31:49,964 - INFO - 目标日期: 2025-07-26
2025-07-26 10:31:49,964 - INFO - 数据源: ChainReactors
2025-07-26 10:31:49,964 - INFO - 生成目录结构: doc/2025/2025-07/2025-W30/2025-07-26
2025-07-26 10:31:50,970 - INFO - 处理文件: .md
2025-07-26 10:31:50,970 - WARNING - 跳过空文件: .md
2025-07-26 10:31:50,970 - INFO - 完成处理URL: https://mp.weixin.qq.com/s?__biz=MzUyOTc3NTQ5MA==&mid=2247500164&idx=2&sn=06ae5f59a4b2d47ba16073321d9695aa
2025-07-26 10:31:50,970 - INFO - 开始处理URL: https://mp.weixin.qq.com/s?__biz=MzUyNzc4Mzk3MQ==&mid=2247494381&idx=1&sn=d2b234433e9a11709f6d29f5d6eb22e9
2025-07-26 10:31:50,970 - INFO - 目标日期: 2025-07-26
2025-07-26 10:31:50,970 - INFO - 数据源: ChainReactors
2025-07-26 10:31:50,970 - INFO - 生成目录结构: doc/2025/2025-07/2025-W30/2025-07-26
2025-07-26 10:31:51,998 - INFO - 处理文件: .md
2025-07-26 10:31:51,999 - WARNING - 跳过空文件: .md
2025-07-26 10:31:51,999 - INFO - 完成处理URL: https://mp.weixin.qq.com/s?__biz=MzUyNzc4Mzk3MQ==&mid=2247494381&idx=1&sn=d2b234433e9a11709f6d29f5d6eb22e9
2025-07-26 10:31:51,999 - INFO - 开始处理URL: https://mp.weixin.qq.com/s?__biz=MzI0MTE4ODY3Nw==&mid=2247492702&idx=1&sn=196a72a29b86b2b68b9ad5145e658cff
2025-07-26 10:31:51,999 - INFO - 目标日期: 2025-07-26
2025-07-26 10:31:51,999 - INFO - 数据源: ChainReactors
2025-07-26 10:31:51,999 - INFO - 生成目录结构: doc/2025/2025-07/2025-W30/2025-07-26
2025-07-26 10:31:53,005 - INFO - 处理文件: .md
2025-07-26 10:31:53,005 - WARNING - 跳过空文件: .md
2025-07-26 10:31:53,005 - INFO - 完成处理URL: https://mp.weixin.qq.com/s?__biz=MzI0MTE4ODY3Nw==&mid=2247492702&idx=1&sn=196a72a29b86b2b68b9ad5145e658cff
2025-07-26 10:31:53,005 - INFO - 开始处理URL: https://mp.weixin.qq.com/s?__biz=MzIzMzE4NDU1OQ==&mid=2652070835&idx=1&sn=1910344d0f776b9c46e37db7559efd6b
2025-07-26 10:31:53,005 - INFO - 目标日期: 2025-07-26
2025-07-26 10:31:53,005 - INFO - 数据源: ChainReactors
2025-07-26 10:31:53,005 - INFO - 生成目录结构: doc/2025/2025-07/2025-W30/2025-07-26
2025-07-26 10:31:54,040 - INFO - 处理文件: .md
2025-07-26 10:31:54,041 - WARNING - 跳过空文件: .md
2025-07-26 10:31:54,041 - INFO - 完成处理URL: https://mp.weixin.qq.com/s?__biz=MzIzMzE4NDU1OQ==&mid=2652070835&idx=1&sn=1910344d0f776b9c46e37db7559efd6b
2025-07-26 10:31:54,041 - INFO - 开始处理URL: https://mp.weixin.qq.com/s?__biz=MzIzMzE4NDU1OQ==&mid=2652070835&idx=4&sn=408c54d8f2b9343081c41c78b58f0bd6
2025-07-26 10:31:54,041 - INFO - 目标日期: 2025-07-26
2025-07-26 10:31:54,041 - INFO - 数据源: ChainReactors
2025-07-26 10:31:54,041 - INFO - 生成目录结构: doc/2025/2025-07/2025-W30/2025-07-26
2025-07-26 10:31:55,120 - INFO - 处理文件: .md
2025-07-26 10:31:55,120 - WARNING - 跳过空文件: .md
2025-07-26 10:31:55,120 - INFO - 完成处理URL: https://mp.weixin.qq.com/s?__biz=MzIzMzE4NDU1OQ==&mid=2652070835&idx=4&sn=408c54d8f2b9343081c41c78b58f0bd6
2025-07-26 10:31:55,122 - INFO - 已创建每日报告: md/2025-07-26.md
2025-07-26 10:31:55,122 - INFO - === 执行完成 ===
